CRITICAL - 2024-06-18 13:55:07 --> ErrorException: Undefined variable $prevYear
[Method: GET, Route: appointment]
in APPPATH\Controllers\Appointment.php on line 63.
 1 APPPATH\Controllers\Appointment.php(63): CodeIgniter\Debug\Exceptions->errorHandler()
 2 APPPATH\Controllers\Appointment.php(16): App\Controllers\Appointment->buildCalendar()
 3 SYSTEMPATH\CodeIgniter.php(933): App\Controllers\Appointment->index()
 4 SYSTEMPATH\CodeIgniter.php(509): CodeIgniter\CodeIgniter->runController()
 5 SYSTEMPATH\CodeIgniter.php(355): CodeIgniter\CodeIgniter->handleRequest()
 6 SYSTEMPATH\Boot.php(312): CodeIgniter\CodeIgniter->run()
 7 SYSTEMPATH\Boot.php(67): CodeIgniter\Boot::runCodeIgniter()
 8 FCPATH\index.php(56): CodeIgniter\Boot::bootWeb()
CRITICAL - 2024-06-18 13:55:08 --> ErrorException: Undefined variable $prevYear
[Method: GET, Route: appointment]
in APPPATH\Controllers\Appointment.php on line 63.
 1 APPPATH\Controllers\Appointment.php(63): CodeIgniter\Debug\Exceptions->errorHandler()
 2 APPPATH\Controllers\Appointment.php(16): App\Controllers\Appointment->buildCalendar()
 3 SYSTEMPATH\CodeIgniter.php(933): App\Controllers\Appointment->index()
 4 SYSTEMPATH\CodeIgniter.php(509): CodeIgniter\CodeIgniter->runController()
 5 SYSTEMPATH\CodeIgniter.php(355): CodeIgniter\CodeIgniter->handleRequest()
 6 SYSTEMPATH\Boot.php(312): CodeIgniter\CodeIgniter->run()
 7 SYSTEMPATH\Boot.php(67): CodeIgniter\Boot::runCodeIgniter()
 8 FCPATH\index.php(56): CodeIgniter\Boot::bootWeb()
CRITICAL - 2024-06-18 13:55:09 --> ErrorException: Undefined variable $prevYear
[Method: GET, Route: appointment]
in APPPATH\Controllers\Appointment.php on line 63.
 1 APPPATH\Controllers\Appointment.php(63): CodeIgniter\Debug\Exceptions->errorHandler()
 2 APPPATH\Controllers\Appointment.php(16): App\Controllers\Appointment->buildCalendar()
 3 SYSTEMPATH\CodeIgniter.php(933): App\Controllers\Appointment->index()
 4 SYSTEMPATH\CodeIgniter.php(509): CodeIgniter\CodeIgniter->runController()
 5 SYSTEMPATH\CodeIgniter.php(355): CodeIgniter\CodeIgniter->handleRequest()
 6 SYSTEMPATH\Boot.php(312): CodeIgniter\CodeIgniter->run()
 7 SYSTEMPATH\Boot.php(67): CodeIgniter\Boot::runCodeIgniter()
 8 FCPATH\index.php(56): CodeIgniter\Boot::bootWeb()
CRITICAL - 2024-06-18 18:15:23 --> ParseError: syntax error, unexpected double-quoted string "C:\Program Files\Ampps\www\sze..."
[Method: GET, Route: appointment]
in APPPATH\Controllers\Appointment.php on line 3.
 1 SYSTEMPATH\Autoloader\Autoloader.php(296): CodeIgniter\Autoloader\Autoloader->includeFile()
 2 SYSTEMPATH\Autoloader\Autoloader.php(272): CodeIgniter\Autoloader\Autoloader->loadInNamespace()
 3 [internal function]: CodeIgniter\Autoloader\Autoloader->loadClass()
 4 SYSTEMPATH\CodeIgniter.php(887): class_exists()
 5 SYSTEMPATH\CodeIgniter.php(496): CodeIgniter\CodeIgniter->startController()
 6 SYSTEMPATH\CodeIgniter.php(355): CodeIgniter\CodeIgniter->handleRequest()
 7 SYSTEMPATH\Boot.php(312): CodeIgniter\CodeIgniter->run()
 8 SYSTEMPATH\Boot.php(67): CodeIgniter\Boot::runCodeIgniter()
 9 FCPATH\index.php(56): CodeIgniter\Boot::bootWeb()
CRITICAL - 2024-06-18 18:34:45 --> CodeIgniter\HTTP\Exceptions\BadRequestException: The URI you submitted has disallowed characters: "year&month"
[Method: GET, Route: appointment/year&month]
in SYSTEMPATH\Router\Router.php on line 736.
 1 SYSTEMPATH\Router\Router.php(203): CodeIgniter\Router\Router->checkDisallowedChars()
 2 SYSTEMPATH\CodeIgniter.php(834): CodeIgniter\Router\Router->handle()
 3 SYSTEMPATH\CodeIgniter.php(457): CodeIgniter\CodeIgniter->tryToRouteIt()
 4 SYSTEMPATH\CodeIgniter.php(355): CodeIgniter\CodeIgniter->handleRequest()
 5 SYSTEMPATH\Boot.php(312): CodeIgniter\CodeIgniter->run()
 6 SYSTEMPATH\Boot.php(67): CodeIgniter\Boot::runCodeIgniter()
 7 FCPATH\index.php(56): CodeIgniter\Boot::bootWeb()
