CRITICAL - 2024-06-23 09:28:24 --> Error: Call to undefined function App\Controllers\strototime()
[Method: GET, Route: appointment]
in APPPATH\Controllers\Appointment.php on line 86.
 1 APPPATH\Controllers\Appointment.php(13): App\Controllers\Appointment->buildCalendar()
 2 SYSTEMPATH\CodeIgniter.php(933): App\Controllers\Appointment->index()
 3 SYSTEMPATH\CodeIgniter.php(509): CodeIgniter\CodeIgniter->runController()
 4 SYSTEMPATH\CodeIgniter.php(355): CodeIgniter\CodeIgniter->handleRequest()
 5 SYSTEMPATH\Boot.php(312): CodeIgniter\CodeIgniter->run()
 6 SYSTEMPATH\Boot.php(67): CodeIgniter\Boot::runCodeIgniter()
 7 FCPATH\index.php(56): CodeIgniter\Boot::bootWeb()
CRITICAL - 2024-06-23 09:29:08 --> Error: Call to undefined function App\Controllers\strototime()
[Method: GET, Route: appointment]
in APPPATH\Controllers\Appointment.php on line 86.
 1 APPPATH\Controllers\Appointment.php(13): App\Controllers\Appointment->buildCalendar()
 2 SYSTEMPATH\CodeIgniter.php(933): App\Controllers\Appointment->index()
 3 SYSTEMPATH\CodeIgniter.php(509): CodeIgniter\CodeIgniter->runController()
 4 SYSTEMPATH\CodeIgniter.php(355): CodeIgniter\CodeIgniter->handleRequest()
 5 SYSTEMPATH\Boot.php(312): CodeIgniter\CodeIgniter->run()
 6 SYSTEMPATH\Boot.php(67): CodeIgniter\Boot::runCodeIgniter()
 7 FCPATH\index.php(56): CodeIgniter\Boot::bootWeb()
CRITICAL - 2024-06-23 09:29:16 --> Error: Call to undefined function App\Controllers\strototime()
[Method: GET, Route: appointment]
in APPPATH\Controllers\Appointment.php on line 86.
 1 APPPATH\Controllers\Appointment.php(13): App\Controllers\Appointment->buildCalendar()
 2 SYSTEMPATH\CodeIgniter.php(933): App\Controllers\Appointment->index()
 3 SYSTEMPATH\CodeIgniter.php(509): CodeIgniter\CodeIgniter->runController()
 4 SYSTEMPATH\CodeIgniter.php(355): CodeIgniter\CodeIgniter->handleRequest()
 5 SYSTEMPATH\Boot.php(312): CodeIgniter\CodeIgniter->run()
 6 SYSTEMPATH\Boot.php(67): CodeIgniter\Boot::runCodeIgniter()
 7 FCPATH\index.php(56): CodeIgniter\Boot::bootWeb()
CRITICAL - 2024-06-23 09:38:53 --> ErrorException: Undefined variable $totalTime
[Method: GET, Route: /]
in SYSTEMPATH\Debug\Toolbar\Views\toolbar.tpl.php on line 46.
 1 SYSTEMPATH\Debug\Toolbar\Views\toolbar.tpl.php(46): CodeIgniter\Debug\Exceptions->errorHandler()
 2 SYSTEMPATH\Debug\Toolbar.php(534): include('C:\\Program Files\\Ampps\\www\\szepiteszet\\system\\Debug\\Toolbar\\Views\\toolbar.tpl.php')
 3 SYSTEMPATH\Debug\Toolbar.php(497): CodeIgniter\Debug\Toolbar->format()
 4 APPPATH\Config\Events.php(47): CodeIgniter\Debug\Toolbar->respond()
 5 SYSTEMPATH\Events\Events.php(155): CodeIgniter\Events\Events::Config\{closure}()
 6 SYSTEMPATH\CodeIgniter.php(340): CodeIgniter\Events\Events::trigger()
 7 SYSTEMPATH\Boot.php(312): CodeIgniter\CodeIgniter->run()
 8 SYSTEMPATH\Boot.php(67): CodeIgniter\Boot::runCodeIgniter()
 9 FCPATH\index.php(56): CodeIgniter\Boot::bootWeb()
CRITICAL - 2024-06-23 09:44:48 --> Error: Call to undefined function App\Controllers\strotime()
[Method: GET, Route: appointment]
in APPPATH\Controllers\Appointment.php on line 86.
 1 APPPATH\Controllers\Appointment.php(13): App\Controllers\Appointment->buildCalendar()
 2 SYSTEMPATH\CodeIgniter.php(933): App\Controllers\Appointment->index()
 3 SYSTEMPATH\CodeIgniter.php(509): CodeIgniter\CodeIgniter->runController()
 4 SYSTEMPATH\CodeIgniter.php(355): CodeIgniter\CodeIgniter->handleRequest()
 5 SYSTEMPATH\Boot.php(312): CodeIgniter\CodeIgniter->run()
 6 SYSTEMPATH\Boot.php(67): CodeIgniter\Boot::runCodeIgniter()
 7 FCPATH\index.php(56): CodeIgniter\Boot::bootWeb()
CRITICAL - 2024-06-23 09:45:02 --> Error: Value of type int is not callable
[Method: GET, Route: appointment]
in APPPATH\Controllers\Appointment.php on line 87.
 1 APPPATH\Controllers\Appointment.php(13): App\Controllers\Appointment->buildCalendar()
 2 SYSTEMPATH\CodeIgniter.php(933): App\Controllers\Appointment->index()
 3 SYSTEMPATH\CodeIgniter.php(509): CodeIgniter\CodeIgniter->runController()
 4 SYSTEMPATH\CodeIgniter.php(355): CodeIgniter\CodeIgniter->handleRequest()
 5 SYSTEMPATH\Boot.php(312): CodeIgniter\CodeIgniter->run()
 6 SYSTEMPATH\Boot.php(67): CodeIgniter\Boot::runCodeIgniter()
 7 FCPATH\index.php(56): CodeIgniter\Boot::bootWeb()
CRITICAL - 2024-06-23 09:46:30 --> ErrorException: Undefined variable $strtotime
[Method: GET, Route: appointment]
in APPPATH\Controllers\Appointment.php on line 87.
 1 APPPATH\Controllers\Appointment.php(87): CodeIgniter\Debug\Exceptions->errorHandler()
 2 APPPATH\Controllers\Appointment.php(13): App\Controllers\Appointment->buildCalendar()
 3 SYSTEMPATH\CodeIgniter.php(933): App\Controllers\Appointment->index()
 4 SYSTEMPATH\CodeIgniter.php(509): CodeIgniter\CodeIgniter->runController()
 5 SYSTEMPATH\CodeIgniter.php(355): CodeIgniter\CodeIgniter->handleRequest()
 6 SYSTEMPATH\Boot.php(312): CodeIgniter\CodeIgniter->run()
 7 SYSTEMPATH\Boot.php(67): CodeIgniter\Boot::runCodeIgniter()
 8 FCPATH\index.php(56): CodeIgniter\Boot::bootWeb()
CRITICAL - 2024-06-23 09:46:32 --> ErrorException: Undefined variable $strtotime
[Method: GET, Route: appointment]
in APPPATH\Controllers\Appointment.php on line 87.
 1 APPPATH\Controllers\Appointment.php(87): CodeIgniter\Debug\Exceptions->errorHandler()
 2 APPPATH\Controllers\Appointment.php(13): App\Controllers\Appointment->buildCalendar()
 3 SYSTEMPATH\CodeIgniter.php(933): App\Controllers\Appointment->index()
 4 SYSTEMPATH\CodeIgniter.php(509): CodeIgniter\CodeIgniter->runController()
 5 SYSTEMPATH\CodeIgniter.php(355): CodeIgniter\CodeIgniter->handleRequest()
 6 SYSTEMPATH\Boot.php(312): CodeIgniter\CodeIgniter->run()
 7 SYSTEMPATH\Boot.php(67): CodeIgniter\Boot::runCodeIgniter()
 8 FCPATH\index.php(56): CodeIgniter\Boot::bootWeb()
CRITICAL - 2024-06-23 10:18:52 --> ErrorException: Undefined array key "month"
[Method: GET, Route: appointment]
in APPPATH\Views\appointment.php on line 5.
 1 APPPATH\Views\appointment.php(5): CodeIgniter\Debug\Exceptions->errorHandler()
 2 SYSTEMPATH\View\View.php(234): include('C:\\Program Files\\Ampps\\www\\szepiteszet\\app\\Views\\appointment.php')
 3 SYSTEMPATH\View\View.php(237): CodeIgniter\View\View->CodeIgniter\View\{closure}()
 4 SYSTEMPATH\Common.php(1171): CodeIgniter\View\View->render()
 5 APPPATH\Controllers\Appointment.php(17): view()
 6 SYSTEMPATH\CodeIgniter.php(933): App\Controllers\Appointment->index()
 7 SYSTEMPATH\CodeIgniter.php(509): CodeIgniter\CodeIgniter->runController()
 8 SYSTEMPATH\CodeIgniter.php(355): CodeIgniter\CodeIgniter->handleRequest()
 9 SYSTEMPATH\Boot.php(312): CodeIgniter\CodeIgniter->run()
10 SYSTEMPATH\Boot.php(67): CodeIgniter\Boot::runCodeIgniter()
11 FCPATH\index.php(56): CodeIgniter\Boot::bootWeb()
CRITICAL - 2024-06-23 10:21:33 --> ErrorException: Undefined array key "month"
[Method: GET, Route: appointment]
in APPPATH\Views\appointment.php on line 5.
 1 APPPATH\Views\appointment.php(5): CodeIgniter\Debug\Exceptions->errorHandler()
 2 SYSTEMPATH\View\View.php(234): include('C:\\Program Files\\Ampps\\www\\szepiteszet\\app\\Views\\appointment.php')
 3 SYSTEMPATH\View\View.php(237): CodeIgniter\View\View->CodeIgniter\View\{closure}()
 4 SYSTEMPATH\Common.php(1171): CodeIgniter\View\View->render()
 5 APPPATH\Controllers\Appointment.php(17): view()
 6 SYSTEMPATH\CodeIgniter.php(933): App\Controllers\Appointment->index()
 7 SYSTEMPATH\CodeIgniter.php(509): CodeIgniter\CodeIgniter->runController()
 8 SYSTEMPATH\CodeIgniter.php(355): CodeIgniter\CodeIgniter->handleRequest()
 9 SYSTEMPATH\Boot.php(312): CodeIgniter\CodeIgniter->run()
10 SYSTEMPATH\Boot.php(67): CodeIgniter\Boot::runCodeIgniter()
11 FCPATH\index.php(56): CodeIgniter\Boot::bootWeb()
CRITICAL - 2024-06-23 10:32:57 --> Error: Call to undefined function getAppointments()
[Method: GET, Route: appointment]
in APPPATH\Views\appointment.php on line 9.
 1 SYSTEMPATH\View\View.php(234): include()
 2 SYSTEMPATH\View\View.php(237): CodeIgniter\View\View->CodeIgniter\View\{closure}()
 3 SYSTEMPATH\Common.php(1171): CodeIgniter\View\View->render()
 4 APPPATH\Controllers\Appointment.php(17): view()
 5 SYSTEMPATH\CodeIgniter.php(933): App\Controllers\Appointment->index()
 6 SYSTEMPATH\CodeIgniter.php(509): CodeIgniter\CodeIgniter->runController()
 7 SYSTEMPATH\CodeIgniter.php(355): CodeIgniter\CodeIgniter->handleRequest()
 8 SYSTEMPATH\Boot.php(312): CodeIgniter\CodeIgniter->run()
 9 SYSTEMPATH\Boot.php(67): CodeIgniter\Boot::runCodeIgniter()
10 FCPATH\index.php(56): CodeIgniter\Boot::bootWeb()
CRITICAL - 2024-06-23 10:34:51 --> Error: Call to undefined function getAppointments()
[Method: GET, Route: appointment]
in APPPATH\Views\appointment.php on line 9.
 1 SYSTEMPATH\View\View.php(234): include()
 2 SYSTEMPATH\View\View.php(237): CodeIgniter\View\View->CodeIgniter\View\{closure}()
 3 SYSTEMPATH\Common.php(1171): CodeIgniter\View\View->render()
 4 APPPATH\Controllers\Appointment.php(17): view()
 5 SYSTEMPATH\CodeIgniter.php(933): App\Controllers\Appointment->index()
 6 SYSTEMPATH\CodeIgniter.php(509): CodeIgniter\CodeIgniter->runController()
 7 SYSTEMPATH\CodeIgniter.php(355): CodeIgniter\CodeIgniter->handleRequest()
 8 SYSTEMPATH\Boot.php(312): CodeIgniter\CodeIgniter->run()
 9 SYSTEMPATH\Boot.php(67): CodeIgniter\Boot::runCodeIgniter()
10 FCPATH\index.php(56): CodeIgniter\Boot::bootWeb()
CRITICAL - 2024-06-23 10:35:04 --> Error: Call to undefined function getAppointments()
[Method: GET, Route: appointment]
in APPPATH\Views\appointment.php on line 9.
 1 SYSTEMPATH\View\View.php(234): include()
 2 SYSTEMPATH\View\View.php(237): CodeIgniter\View\View->CodeIgniter\View\{closure}()
 3 SYSTEMPATH\Common.php(1171): CodeIgniter\View\View->render()
 4 APPPATH\Controllers\Appointment.php(17): view()
 5 SYSTEMPATH\CodeIgniter.php(933): App\Controllers\Appointment->index()
 6 SYSTEMPATH\CodeIgniter.php(509): CodeIgniter\CodeIgniter->runController()
 7 SYSTEMPATH\CodeIgniter.php(355): CodeIgniter\CodeIgniter->handleRequest()
 8 SYSTEMPATH\Boot.php(312): CodeIgniter\CodeIgniter->run()
 9 SYSTEMPATH\Boot.php(67): CodeIgniter\Boot::runCodeIgniter()
10 FCPATH\index.php(56): CodeIgniter\Boot::bootWeb()
CRITICAL - 2024-06-23 10:35:15 --> Error: Call to undefined function getAppointments()
[Method: GET, Route: appointment]
in APPPATH\Views\appointment.php on line 9.
 1 SYSTEMPATH\View\View.php(234): include()
 2 SYSTEMPATH\View\View.php(237): CodeIgniter\View\View->CodeIgniter\View\{closure}()
 3 SYSTEMPATH\Common.php(1171): CodeIgniter\View\View->render()
 4 APPPATH\Controllers\Appointment.php(17): view()
 5 SYSTEMPATH\CodeIgniter.php(933): App\Controllers\Appointment->index()
 6 SYSTEMPATH\CodeIgniter.php(509): CodeIgniter\CodeIgniter->runController()
 7 SYSTEMPATH\CodeIgniter.php(355): CodeIgniter\CodeIgniter->handleRequest()
 8 SYSTEMPATH\Boot.php(312): CodeIgniter\CodeIgniter->run()
 9 SYSTEMPATH\Boot.php(67): CodeIgniter\Boot::runCodeIgniter()
10 FCPATH\index.php(56): CodeIgniter\Boot::bootWeb()
CRITICAL - 2024-06-23 10:35:19 --> Error: Call to undefined function getAppointments()
[Method: GET, Route: appointment]
in APPPATH\Views\appointment.php on line 9.
 1 SYSTEMPATH\View\View.php(234): include()
 2 SYSTEMPATH\View\View.php(237): CodeIgniter\View\View->CodeIgniter\View\{closure}()
 3 SYSTEMPATH\Common.php(1171): CodeIgniter\View\View->render()
 4 APPPATH\Controllers\Appointment.php(17): view()
 5 SYSTEMPATH\CodeIgniter.php(933): App\Controllers\Appointment->index()
 6 SYSTEMPATH\CodeIgniter.php(509): CodeIgniter\CodeIgniter->runController()
 7 SYSTEMPATH\CodeIgniter.php(355): CodeIgniter\CodeIgniter->handleRequest()
 8 SYSTEMPATH\Boot.php(312): CodeIgniter\CodeIgniter->run()
 9 SYSTEMPATH\Boot.php(67): CodeIgniter\Boot::runCodeIgniter()
10 FCPATH\index.php(56): CodeIgniter\Boot::bootWeb()
CRITICAL - 2024-06-23 10:37:42 --> Error: Call to undefined function getAppointments()
[Method: GET, Route: appointment]
in APPPATH\Views\appointment.php on line 9.
 1 SYSTEMPATH\View\View.php(234): include()
 2 SYSTEMPATH\View\View.php(237): CodeIgniter\View\View->CodeIgniter\View\{closure}()
 3 SYSTEMPATH\Common.php(1171): CodeIgniter\View\View->render()
 4 APPPATH\Controllers\Appointment.php(17): view()
 5 SYSTEMPATH\CodeIgniter.php(933): App\Controllers\Appointment->index()
 6 SYSTEMPATH\CodeIgniter.php(509): CodeIgniter\CodeIgniter->runController()
 7 SYSTEMPATH\CodeIgniter.php(355): CodeIgniter\CodeIgniter->handleRequest()
 8 SYSTEMPATH\Boot.php(312): CodeIgniter\CodeIgniter->run()
 9 SYSTEMPATH\Boot.php(67): CodeIgniter\Boot::runCodeIgniter()
10 FCPATH\index.php(56): CodeIgniter\Boot::bootWeb()
CRITICAL - 2024-06-23 10:37:45 --> Error: Call to undefined function getAppointments()
[Method: GET, Route: appointment]
in APPPATH\Views\appointment.php on line 9.
 1 SYSTEMPATH\View\View.php(234): include()
 2 SYSTEMPATH\View\View.php(237): CodeIgniter\View\View->CodeIgniter\View\{closure}()
 3 SYSTEMPATH\Common.php(1171): CodeIgniter\View\View->render()
 4 APPPATH\Controllers\Appointment.php(17): view()
 5 SYSTEMPATH\CodeIgniter.php(933): App\Controllers\Appointment->index()
 6 SYSTEMPATH\CodeIgniter.php(509): CodeIgniter\CodeIgniter->runController()
 7 SYSTEMPATH\CodeIgniter.php(355): CodeIgniter\CodeIgniter->handleRequest()
 8 SYSTEMPATH\Boot.php(312): CodeIgniter\CodeIgniter->run()
 9 SYSTEMPATH\Boot.php(67): CodeIgniter\Boot::runCodeIgniter()
10 FCPATH\index.php(56): CodeIgniter\Boot::bootWeb()
CRITICAL - 2024-06-23 10:47:50 --> Error: Call to undefined function getAppointments()
[Method: GET, Route: appointment]
in APPPATH\Views\appointment.php on line 9.
 1 SYSTEMPATH\View\View.php(234): include()
 2 SYSTEMPATH\View\View.php(237): CodeIgniter\View\View->CodeIgniter\View\{closure}()
 3 SYSTEMPATH\Common.php(1171): CodeIgniter\View\View->render()
 4 APPPATH\Controllers\Appointment.php(17): view()
 5 SYSTEMPATH\CodeIgniter.php(933): App\Controllers\Appointment->index()
 6 SYSTEMPATH\CodeIgniter.php(509): CodeIgniter\CodeIgniter->runController()
 7 SYSTEMPATH\CodeIgniter.php(355): CodeIgniter\CodeIgniter->handleRequest()
 8 SYSTEMPATH\Boot.php(312): CodeIgniter\CodeIgniter->run()
 9 SYSTEMPATH\Boot.php(67): CodeIgniter\Boot::runCodeIgniter()
10 FCPATH\index.php(56): CodeIgniter\Boot::bootWeb()
CRITICAL - 2024-06-23 10:47:52 --> Error: Call to undefined function getAppointments()
[Method: GET, Route: appointment]
in APPPATH\Views\appointment.php on line 9.
 1 SYSTEMPATH\View\View.php(234): include()
 2 SYSTEMPATH\View\View.php(237): CodeIgniter\View\View->CodeIgniter\View\{closure}()
 3 SYSTEMPATH\Common.php(1171): CodeIgniter\View\View->render()
 4 APPPATH\Controllers\Appointment.php(17): view()
 5 SYSTEMPATH\CodeIgniter.php(933): App\Controllers\Appointment->index()
 6 SYSTEMPATH\CodeIgniter.php(509): CodeIgniter\CodeIgniter->runController()
 7 SYSTEMPATH\CodeIgniter.php(355): CodeIgniter\CodeIgniter->handleRequest()
 8 SYSTEMPATH\Boot.php(312): CodeIgniter\CodeIgniter->run()
 9 SYSTEMPATH\Boot.php(67): CodeIgniter\Boot::runCodeIgniter()
10 FCPATH\index.php(56): CodeIgniter\Boot::bootWeb()
CRITICAL - 2024-06-23 10:48:52 --> Error: Call to undefined function getAppointments()
[Method: GET, Route: appointment]
in APPPATH\Views\appointment.php on line 9.
 1 SYSTEMPATH\View\View.php(234): include()
 2 SYSTEMPATH\View\View.php(237): CodeIgniter\View\View->CodeIgniter\View\{closure}()
 3 SYSTEMPATH\Common.php(1171): CodeIgniter\View\View->render()
 4 APPPATH\Controllers\Appointment.php(17): view()
 5 SYSTEMPATH\CodeIgniter.php(933): App\Controllers\Appointment->index()
 6 SYSTEMPATH\CodeIgniter.php(509): CodeIgniter\CodeIgniter->runController()
 7 SYSTEMPATH\CodeIgniter.php(355): CodeIgniter\CodeIgniter->handleRequest()
 8 SYSTEMPATH\Boot.php(312): CodeIgniter\CodeIgniter->run()
 9 SYSTEMPATH\Boot.php(67): CodeIgniter\Boot::runCodeIgniter()
10 FCPATH\index.php(56): CodeIgniter\Boot::bootWeb()
CRITICAL - 2024-06-23 10:48:54 --> Error: Call to undefined function getAppointments()
[Method: GET, Route: appointment]
in APPPATH\Views\appointment.php on line 9.
 1 SYSTEMPATH\View\View.php(234): include()
 2 SYSTEMPATH\View\View.php(237): CodeIgniter\View\View->CodeIgniter\View\{closure}()
 3 SYSTEMPATH\Common.php(1171): CodeIgniter\View\View->render()
 4 APPPATH\Controllers\Appointment.php(17): view()
 5 SYSTEMPATH\CodeIgniter.php(933): App\Controllers\Appointment->index()
 6 SYSTEMPATH\CodeIgniter.php(509): CodeIgniter\CodeIgniter->runController()
 7 SYSTEMPATH\CodeIgniter.php(355): CodeIgniter\CodeIgniter->handleRequest()
 8 SYSTEMPATH\Boot.php(312): CodeIgniter\CodeIgniter->run()
 9 SYSTEMPATH\Boot.php(67): CodeIgniter\Boot::runCodeIgniter()
10 FCPATH\index.php(56): CodeIgniter\Boot::bootWeb()
CRITICAL - 2024-06-23 10:48:55 --> Error: Call to undefined function getAppointments()
[Method: GET, Route: appointment]
in APPPATH\Views\appointment.php on line 9.
 1 SYSTEMPATH\View\View.php(234): include()
 2 SYSTEMPATH\View\View.php(237): CodeIgniter\View\View->CodeIgniter\View\{closure}()
 3 SYSTEMPATH\Common.php(1171): CodeIgniter\View\View->render()
 4 APPPATH\Controllers\Appointment.php(17): view()
 5 SYSTEMPATH\CodeIgniter.php(933): App\Controllers\Appointment->index()
 6 SYSTEMPATH\CodeIgniter.php(509): CodeIgniter\CodeIgniter->runController()
 7 SYSTEMPATH\CodeIgniter.php(355): CodeIgniter\CodeIgniter->handleRequest()
 8 SYSTEMPATH\Boot.php(312): CodeIgniter\CodeIgniter->run()
 9 SYSTEMPATH\Boot.php(67): CodeIgniter\Boot::runCodeIgniter()
10 FCPATH\index.php(56): CodeIgniter\Boot::bootWeb()
CRITICAL - 2024-06-23 10:57:01 --> ErrorException: Undefined variable $appointmentcontroller
[Method: GET, Route: appointment]
in APPPATH\Views\appointment.php on line 11.
 1 APPPATH\Views\appointment.php(11): CodeIgniter\Debug\Exceptions->errorHandler()
 2 SYSTEMPATH\View\View.php(234): include('C:\\Program Files\\Ampps\\www\\szepiteszet\\app\\Views\\appointment.php')
 3 SYSTEMPATH\View\View.php(237): CodeIgniter\View\View->CodeIgniter\View\{closure}()
 4 SYSTEMPATH\Common.php(1171): CodeIgniter\View\View->render()
 5 APPPATH\Controllers\Appointment.php(17): view()
 6 SYSTEMPATH\CodeIgniter.php(933): App\Controllers\Appointment->index()
 7 SYSTEMPATH\CodeIgniter.php(509): CodeIgniter\CodeIgniter->runController()
 8 SYSTEMPATH\CodeIgniter.php(355): CodeIgniter\CodeIgniter->handleRequest()
 9 SYSTEMPATH\Boot.php(312): CodeIgniter\CodeIgniter->run()
10 SYSTEMPATH\Boot.php(67): CodeIgniter\Boot::runCodeIgniter()
11 FCPATH\index.php(56): CodeIgniter\Boot::bootWeb()
CRITICAL - 2024-06-23 10:57:03 --> ErrorException: Undefined variable $appointmentcontroller
[Method: GET, Route: appointment]
in APPPATH\Views\appointment.php on line 11.
 1 APPPATH\Views\appointment.php(11): CodeIgniter\Debug\Exceptions->errorHandler()
 2 SYSTEMPATH\View\View.php(234): include('C:\\Program Files\\Ampps\\www\\szepiteszet\\app\\Views\\appointment.php')
 3 SYSTEMPATH\View\View.php(237): CodeIgniter\View\View->CodeIgniter\View\{closure}()
 4 SYSTEMPATH\Common.php(1171): CodeIgniter\View\View->render()
 5 APPPATH\Controllers\Appointment.php(17): view()
 6 SYSTEMPATH\CodeIgniter.php(933): App\Controllers\Appointment->index()
 7 SYSTEMPATH\CodeIgniter.php(509): CodeIgniter\CodeIgniter->runController()
 8 SYSTEMPATH\CodeIgniter.php(355): CodeIgniter\CodeIgniter->handleRequest()
 9 SYSTEMPATH\Boot.php(312): CodeIgniter\CodeIgniter->run()
10 SYSTEMPATH\Boot.php(67): CodeIgniter\Boot::runCodeIgniter()
11 FCPATH\index.php(56): CodeIgniter\Boot::bootWeb()
CRITICAL - 2024-06-23 10:57:04 --> ErrorException: Undefined variable $appointmentcontroller
[Method: GET, Route: appointment]
in APPPATH\Views\appointment.php on line 11.
 1 APPPATH\Views\appointment.php(11): CodeIgniter\Debug\Exceptions->errorHandler()
 2 SYSTEMPATH\View\View.php(234): include('C:\\Program Files\\Ampps\\www\\szepiteszet\\app\\Views\\appointment.php')
 3 SYSTEMPATH\View\View.php(237): CodeIgniter\View\View->CodeIgniter\View\{closure}()
 4 SYSTEMPATH\Common.php(1171): CodeIgniter\View\View->render()
 5 APPPATH\Controllers\Appointment.php(17): view()
 6 SYSTEMPATH\CodeIgniter.php(933): App\Controllers\Appointment->index()
 7 SYSTEMPATH\CodeIgniter.php(509): CodeIgniter\CodeIgniter->runController()
 8 SYSTEMPATH\CodeIgniter.php(355): CodeIgniter\CodeIgniter->handleRequest()
 9 SYSTEMPATH\Boot.php(312): CodeIgniter\CodeIgniter->run()
10 SYSTEMPATH\Boot.php(67): CodeIgniter\Boot::runCodeIgniter()
11 FCPATH\index.php(56): CodeIgniter\Boot::bootWeb()
ERROR - 2024-06-23 10:57:32 --> mysqli_sql_exception: Unknown column 'year' in 'where clause' in C:\Program Files\Ampps\www\szepiteszet\system\Database\MySQLi\Connection.php:308
Stack trace:
#0 C:\Program Files\Ampps\www\szepiteszet\system\Database\MySQLi\Connection.php(308): mysqli->query()
#1 C:\Program Files\Ampps\www\szepiteszet\system\Database\BaseConnection.php(722): CodeIgniter\Database\MySQLi\Connection->execute()
#2 C:\Program Files\Ampps\www\szepiteszet\system\Database\BaseConnection.php(636): CodeIgniter\Database\BaseConnection->simpleQuery()
#3 C:\Program Files\Ampps\www\szepiteszet\system\Database\BaseBuilder.php(1629): CodeIgniter\Database\BaseConnection->query()
#4 C:\Program Files\Ampps\www\szepiteszet\system\Model.php(275): CodeIgniter\Database\BaseBuilder->get()
#5 C:\Program Files\Ampps\www\szepiteszet\system\BaseModel.php(676): CodeIgniter\Model->doFindAll()
#6 C:\Program Files\Ampps\www\szepiteszet\app\Models\AppointmentModel.php(19): CodeIgniter\BaseModel->findAll()
#7 C:\Program Files\Ampps\www\szepiteszet\app\Controllers\Appointment.php(124): App\Models\AppointmentModel->getAppointments()
#8 C:\Program Files\Ampps\www\szepiteszet\app\Views\appointment.php(11): App\Controllers\Appointment->getAppointments()
#9 C:\Program Files\Ampps\www\szepiteszet\system\View\View.php(234): include('...')
#10 C:\Program Files\Ampps\www\szepiteszet\system\View\View.php(237): CodeIgniter\View\View->CodeIgniter\View\{closure}()
#11 C:\Program Files\Ampps\www\szepiteszet\system\Common.php(1171): CodeIgniter\View\View->render()
#12 C:\Program Files\Ampps\www\szepiteszet\app\Controllers\Appointment.php(17): view()
#13 C:\Program Files\Ampps\www\szepiteszet\system\CodeIgniter.php(933): App\Controllers\Appointment->index()
#14 C:\Program Files\Ampps\www\szepiteszet\system\CodeIgniter.php(509): CodeIgniter\CodeIgniter->runController()
#15 C:\Program Files\Ampps\www\szepiteszet\system\CodeIgniter.php(355): CodeIgniter\CodeIgniter->handleRequest()
#16 C:\Program Files\Ampps\www\szepiteszet\system\Boot.php(312): CodeIgniter\CodeIgniter->run()
#17 C:\Program Files\Ampps\www\szepiteszet\system\Boot.php(67): CodeIgniter\Boot::runCodeIgniter()
#18 C:\Program Files\Ampps\www\szepiteszet\public\index.php(56): CodeIgniter\Boot::bootWeb()
#19 {main}
CRITICAL - 2024-06-23 10:57:32 --> CodeIgniter\Database\Exceptions\DatabaseException: Unknown column 'year' in 'where clause'
[Method: GET, Route: appointment]
in SYSTEMPATH\Database\BaseConnection.php on line 676.
 1 SYSTEMPATH\Database\BaseBuilder.php(1629): CodeIgniter\Database\BaseConnection->query()
 2 SYSTEMPATH\Model.php(275): CodeIgniter\Database\BaseBuilder->get()
 3 SYSTEMPATH\BaseModel.php(676): CodeIgniter\Model->doFindAll()
 4 APPPATH\Models\AppointmentModel.php(19): CodeIgniter\BaseModel->findAll()
 5 APPPATH\Controllers\Appointment.php(124): App\Models\AppointmentModel->getAppointments()
 6 APPPATH\Views\appointment.php(11): App\Controllers\Appointment->getAppointments()
 7 SYSTEMPATH\View\View.php(234): include('C:\\Program Files\\Ampps\\www\\szepiteszet\\app\\Views\\appointment.php')
 8 SYSTEMPATH\View\View.php(237): CodeIgniter\View\View->CodeIgniter\View\{closure}()
 9 SYSTEMPATH\Common.php(1171): CodeIgniter\View\View->render()
10 APPPATH\Controllers\Appointment.php(17): view()
11 SYSTEMPATH\CodeIgniter.php(933): App\Controllers\Appointment->index()
12 SYSTEMPATH\CodeIgniter.php(509): CodeIgniter\CodeIgniter->runController()
13 SYSTEMPATH\CodeIgniter.php(355): CodeIgniter\CodeIgniter->handleRequest()
14 SYSTEMPATH\Boot.php(312): CodeIgniter\CodeIgniter->run()
15 SYSTEMPATH\Boot.php(67): CodeIgniter\Boot::runCodeIgniter()
16 FCPATH\index.php(56): CodeIgniter\Boot::bootWeb()
CRITICAL - 2024-06-23 10:57:32 --> [Caused by] CodeIgniter\Database\Exceptions\DatabaseException: Unknown column 'year' in 'where clause'
in SYSTEMPATH\Database\MySQLi\Connection.php on line 313.
 1 SYSTEMPATH\Database\BaseConnection.php(722): CodeIgniter\Database\MySQLi\Connection->execute()
 2 SYSTEMPATH\Database\BaseConnection.php(636): CodeIgniter\Database\BaseConnection->simpleQuery()
 3 SYSTEMPATH\Database\BaseBuilder.php(1629): CodeIgniter\Database\BaseConnection->query()
 4 SYSTEMPATH\Model.php(275): CodeIgniter\Database\BaseBuilder->get()
 5 SYSTEMPATH\BaseModel.php(676): CodeIgniter\Model->doFindAll()
 6 APPPATH\Models\AppointmentModel.php(19): CodeIgniter\BaseModel->findAll()
 7 APPPATH\Controllers\Appointment.php(124): App\Models\AppointmentModel->getAppointments()
 8 APPPATH\Views\appointment.php(11): App\Controllers\Appointment->getAppointments()
 9 SYSTEMPATH\View\View.php(234): include('C:\\Program Files\\Ampps\\www\\szepiteszet\\app\\Views\\appointment.php')
10 SYSTEMPATH\View\View.php(237): CodeIgniter\View\View->CodeIgniter\View\{closure}()
11 SYSTEMPATH\Common.php(1171): CodeIgniter\View\View->render()
12 APPPATH\Controllers\Appointment.php(17): view()
13 SYSTEMPATH\CodeIgniter.php(933): App\Controllers\Appointment->index()
14 SYSTEMPATH\CodeIgniter.php(509): CodeIgniter\CodeIgniter->runController()
15 SYSTEMPATH\CodeIgniter.php(355): CodeIgniter\CodeIgniter->handleRequest()
16 SYSTEMPATH\Boot.php(312): CodeIgniter\CodeIgniter->run()
17 SYSTEMPATH\Boot.php(67): CodeIgniter\Boot::runCodeIgniter()
18 FCPATH\index.php(56): CodeIgniter\Boot::bootWeb()
CRITICAL - 2024-06-23 10:57:32 --> [Caused by] mysqli_sql_exception: Unknown column 'year' in 'where clause'
in SYSTEMPATH\Database\MySQLi\Connection.php on line 308.
 1 SYSTEMPATH\Database\MySQLi\Connection.php(308): mysqli->query()
 2 SYSTEMPATH\Database\BaseConnection.php(722): CodeIgniter\Database\MySQLi\Connection->execute()
 3 SYSTEMPATH\Database\BaseConnection.php(636): CodeIgniter\Database\BaseConnection->simpleQuery()
 4 SYSTEMPATH\Database\BaseBuilder.php(1629): CodeIgniter\Database\BaseConnection->query()
 5 SYSTEMPATH\Model.php(275): CodeIgniter\Database\BaseBuilder->get()
 6 SYSTEMPATH\BaseModel.php(676): CodeIgniter\Model->doFindAll()
 7 APPPATH\Models\AppointmentModel.php(19): CodeIgniter\BaseModel->findAll()
 8 APPPATH\Controllers\Appointment.php(124): App\Models\AppointmentModel->getAppointments()
 9 APPPATH\Views\appointment.php(11): App\Controllers\Appointment->getAppointments()
10 SYSTEMPATH\View\View.php(234): include('C:\\Program Files\\Ampps\\www\\szepiteszet\\app\\Views\\appointment.php')
11 SYSTEMPATH\View\View.php(237): CodeIgniter\View\View->CodeIgniter\View\{closure}()
12 SYSTEMPATH\Common.php(1171): CodeIgniter\View\View->render()
13 APPPATH\Controllers\Appointment.php(17): view()
14 SYSTEMPATH\CodeIgniter.php(933): App\Controllers\Appointment->index()
15 SYSTEMPATH\CodeIgniter.php(509): CodeIgniter\CodeIgniter->runController()
16 SYSTEMPATH\CodeIgniter.php(355): CodeIgniter\CodeIgniter->handleRequest()
17 SYSTEMPATH\Boot.php(312): CodeIgniter\CodeIgniter->run()
18 SYSTEMPATH\Boot.php(67): CodeIgniter\Boot::runCodeIgniter()
19 FCPATH\index.php(56): CodeIgniter\Boot::bootWeb()
CRITICAL - 2024-06-23 11:32:55 --> ErrorException: foreach() argument must be of type array|object, null given
[Method: GET, Route: appointment]
in APPPATH\Controllers\Appointment.php on line 127.
 1 APPPATH\Controllers\Appointment.php(127): CodeIgniter\Debug\Exceptions->errorHandler()
 2 APPPATH\Views\appointment.php(11): App\Controllers\Appointment->getAppointments()
 3 SYSTEMPATH\View\View.php(234): include('C:\\Program Files\\Ampps\\www\\szepiteszet\\app\\Views\\appointment.php')
 4 SYSTEMPATH\View\View.php(237): CodeIgniter\View\View->CodeIgniter\View\{closure}()
 5 SYSTEMPATH\Common.php(1171): CodeIgniter\View\View->render()
 6 APPPATH\Controllers\Appointment.php(17): view()
 7 SYSTEMPATH\CodeIgniter.php(933): App\Controllers\Appointment->index()
 8 SYSTEMPATH\CodeIgniter.php(509): CodeIgniter\CodeIgniter->runController()
 9 SYSTEMPATH\CodeIgniter.php(355): CodeIgniter\CodeIgniter->handleRequest()
10 SYSTEMPATH\Boot.php(312): CodeIgniter\CodeIgniter->run()
11 SYSTEMPATH\Boot.php(67): CodeIgniter\Boot::runCodeIgniter()
12 FCPATH\index.php(56): CodeIgniter\Boot::bootWeb()
CRITICAL - 2024-06-23 13:13:31 --> ParseError: Unterminated comment starting line 32
[Method: GET, Route: appointment]
in APPPATH\Views\appointment.php on line 32.
 1 SYSTEMPATH\View\View.php(237): CodeIgniter\View\View->CodeIgniter\View\{closure}()
 2 SYSTEMPATH\Common.php(1171): CodeIgniter\View\View->render()
 3 APPPATH\Controllers\Appointment.php(17): view()
 4 SYSTEMPATH\CodeIgniter.php(933): App\Controllers\Appointment->index()
 5 SYSTEMPATH\CodeIgniter.php(509): CodeIgniter\CodeIgniter->runController()
 6 SYSTEMPATH\CodeIgniter.php(355): CodeIgniter\CodeIgniter->handleRequest()
 7 SYSTEMPATH\Boot.php(312): CodeIgniter\CodeIgniter->run()
 8 SYSTEMPATH\Boot.php(67): CodeIgniter\Boot::runCodeIgniter()
 9 FCPATH\index.php(56): CodeIgniter\Boot::bootWeb()
CRITICAL - 2024-06-23 13:53:32 --> Error: Call to undefined function form_open()
[Method: GET, Route: appointment]
in APPPATH\Views\appointment.php on line 22.
 1 SYSTEMPATH\View\View.php(234): include()
 2 SYSTEMPATH\View\View.php(237): CodeIgniter\View\View->CodeIgniter\View\{closure}()
 3 SYSTEMPATH\Common.php(1171): CodeIgniter\View\View->render()
 4 APPPATH\Controllers\Appointment.php(17): view()
 5 SYSTEMPATH\CodeIgniter.php(933): App\Controllers\Appointment->index()
 6 SYSTEMPATH\CodeIgniter.php(509): CodeIgniter\CodeIgniter->runController()
 7 SYSTEMPATH\CodeIgniter.php(355): CodeIgniter\CodeIgniter->handleRequest()
 8 SYSTEMPATH\Boot.php(312): CodeIgniter\CodeIgniter->run()
 9 SYSTEMPATH\Boot.php(67): CodeIgniter\Boot::runCodeIgniter()
10 FCPATH\index.php(56): CodeIgniter\Boot::bootWeb()
CRITICAL - 2024-06-23 13:54:24 --> Error: Call to undefined function form_open()
[Method: GET, Route: appointment]
in APPPATH\Views\appointment.php on line 22.
 1 SYSTEMPATH\View\View.php(234): include()
 2 SYSTEMPATH\View\View.php(237): CodeIgniter\View\View->CodeIgniter\View\{closure}()
 3 SYSTEMPATH\Common.php(1171): CodeIgniter\View\View->render()
 4 APPPATH\Controllers\Appointment.php(17): view()
 5 SYSTEMPATH\CodeIgniter.php(933): App\Controllers\Appointment->index()
 6 SYSTEMPATH\CodeIgniter.php(509): CodeIgniter\CodeIgniter->runController()
 7 SYSTEMPATH\CodeIgniter.php(355): CodeIgniter\CodeIgniter->handleRequest()
 8 SYSTEMPATH\Boot.php(312): CodeIgniter\CodeIgniter->run()
 9 SYSTEMPATH\Boot.php(67): CodeIgniter\Boot::runCodeIgniter()
10 FCPATH\index.php(56): CodeIgniter\Boot::bootWeb()
CRITICAL - 2024-06-23 14:00:17 --> ErrorException: Undefined variable $error
[Method: GET, Route: appointment]
in APPPATH\Views\book.php on line 3.
 1 APPPATH\Views\book.php(3): CodeIgniter\Debug\Exceptions->errorHandler()
 2 SYSTEMPATH\View\View.php(234): include('C:\\Program Files\\Ampps\\www\\szepiteszet\\app\\Views\\book.php')
 3 SYSTEMPATH\View\View.php(237): CodeIgniter\View\View->CodeIgniter\View\{closure}()
 4 SYSTEMPATH\Common.php(1171): CodeIgniter\View\View->render()
 5 APPPATH\Controllers\Appointment.php(18): view()
 6 SYSTEMPATH\CodeIgniter.php(933): App\Controllers\Appointment->index()
 7 SYSTEMPATH\CodeIgniter.php(509): CodeIgniter\CodeIgniter->runController()
 8 SYSTEMPATH\CodeIgniter.php(355): CodeIgniter\CodeIgniter->handleRequest()
 9 SYSTEMPATH\Boot.php(312): CodeIgniter\CodeIgniter->run()
10 SYSTEMPATH\Boot.php(67): CodeIgniter\Boot::runCodeIgniter()
11 FCPATH\index.php(56): CodeIgniter\Boot::bootWeb()
CRITICAL - 2024-06-23 14:09:03 --> ErrorException: Undefined variable $error
[Method: GET, Route: appointment]
in APPPATH\Views\book.php on line 3.
 1 APPPATH\Views\book.php(3): CodeIgniter\Debug\Exceptions->errorHandler()
 2 SYSTEMPATH\View\View.php(234): include('C:\\Program Files\\Ampps\\www\\szepiteszet\\app\\Views\\book.php')
 3 SYSTEMPATH\View\View.php(237): CodeIgniter\View\View->CodeIgniter\View\{closure}()
 4 SYSTEMPATH\Common.php(1171): CodeIgniter\View\View->render()
 5 APPPATH\Controllers\Appointment.php(18): view()
 6 SYSTEMPATH\CodeIgniter.php(933): App\Controllers\Appointment->index()
 7 SYSTEMPATH\CodeIgniter.php(509): CodeIgniter\CodeIgniter->runController()
 8 SYSTEMPATH\CodeIgniter.php(355): CodeIgniter\CodeIgniter->handleRequest()
 9 SYSTEMPATH\Boot.php(312): CodeIgniter\CodeIgniter->run()
10 SYSTEMPATH\Boot.php(67): CodeIgniter\Boot::runCodeIgniter()
11 FCPATH\index.php(56): CodeIgniter\Boot::bootWeb()
CRITICAL - 2024-06-23 14:09:18 --> ErrorException: Undefined variable $services
[Method: GET, Route: appointment]
in APPPATH\Views\book.php on line 35.
 1 APPPATH\Views\book.php(35): CodeIgniter\Debug\Exceptions->errorHandler()
 2 SYSTEMPATH\View\View.php(234): include('C:\\Program Files\\Ampps\\www\\szepiteszet\\app\\Views\\book.php')
 3 SYSTEMPATH\View\View.php(237): CodeIgniter\View\View->CodeIgniter\View\{closure}()
 4 SYSTEMPATH\Common.php(1171): CodeIgniter\View\View->render()
 5 APPPATH\Controllers\Appointment.php(18): view()
 6 SYSTEMPATH\CodeIgniter.php(933): App\Controllers\Appointment->index()
 7 SYSTEMPATH\CodeIgniter.php(509): CodeIgniter\CodeIgniter->runController()
 8 SYSTEMPATH\CodeIgniter.php(355): CodeIgniter\CodeIgniter->handleRequest()
 9 SYSTEMPATH\Boot.php(312): CodeIgniter\CodeIgniter->run()
10 SYSTEMPATH\Boot.php(67): CodeIgniter\Boot::runCodeIgniter()
11 FCPATH\index.php(56): CodeIgniter\Boot::bootWeb()
CRITICAL - 2024-06-23 15:04:31 --> ErrorException: Undefined variable $error
[Method: GET, Route: appointment]
in APPPATH\Views\book.php on line 3.
 1 APPPATH\Views\book.php(3): CodeIgniter\Debug\Exceptions->errorHandler()
 2 SYSTEMPATH\View\View.php(234): include('C:\\Program Files\\Ampps\\www\\szepiteszet\\app\\Views\\book.php')
 3 SYSTEMPATH\View\View.php(237): CodeIgniter\View\View->CodeIgniter\View\{closure}()
 4 SYSTEMPATH\Common.php(1171): CodeIgniter\View\View->render()
 5 APPPATH\Controllers\Appointment.php(18): view()
 6 SYSTEMPATH\CodeIgniter.php(933): App\Controllers\Appointment->index()
 7 SYSTEMPATH\CodeIgniter.php(509): CodeIgniter\CodeIgniter->runController()
 8 SYSTEMPATH\CodeIgniter.php(355): CodeIgniter\CodeIgniter->handleRequest()
 9 SYSTEMPATH\Boot.php(312): CodeIgniter\CodeIgniter->run()
10 SYSTEMPATH\Boot.php(67): CodeIgniter\Boot::runCodeIgniter()
11 FCPATH\index.php(56): CodeIgniter\Boot::bootWeb()
CRITICAL - 2024-06-23 15:07:37 --> ErrorException: Undefined variable $error
[Method: GET, Route: appointment]
in APPPATH\Views\book.php on line 3.
 1 APPPATH\Views\book.php(3): CodeIgniter\Debug\Exceptions->errorHandler()
 2 SYSTEMPATH\View\View.php(234): include('C:\\Program Files\\Ampps\\www\\szepiteszet\\app\\Views\\book.php')
 3 SYSTEMPATH\View\View.php(237): CodeIgniter\View\View->CodeIgniter\View\{closure}()
 4 SYSTEMPATH\Common.php(1171): CodeIgniter\View\View->render()
 5 APPPATH\Controllers\Appointment.php(22): view()
 6 SYSTEMPATH\CodeIgniter.php(933): App\Controllers\Appointment->index()
 7 SYSTEMPATH\CodeIgniter.php(509): CodeIgniter\CodeIgniter->runController()
 8 SYSTEMPATH\CodeIgniter.php(355): CodeIgniter\CodeIgniter->handleRequest()
 9 SYSTEMPATH\Boot.php(312): CodeIgniter\CodeIgniter->run()
10 SYSTEMPATH\Boot.php(67): CodeIgniter\Boot::runCodeIgniter()
11 FCPATH\index.php(56): CodeIgniter\Boot::bootWeb()
CRITICAL - 2024-06-23 15:12:39 --> ErrorException: Undefined variable $view_content
[Method: GET, Route: appointment]
in APPPATH\Controllers\Appointment.php on line 37.
 1 APPPATH\Controllers\Appointment.php(37): CodeIgniter\Debug\Exceptions->errorHandler()
 2 SYSTEMPATH\CodeIgniter.php(933): App\Controllers\Appointment->index()
 3 SYSTEMPATH\CodeIgniter.php(509): CodeIgniter\CodeIgniter->runController()
 4 SYSTEMPATH\CodeIgniter.php(355): CodeIgniter\CodeIgniter->handleRequest()
 5 SYSTEMPATH\Boot.php(312): CodeIgniter\CodeIgniter->run()
 6 SYSTEMPATH\Boot.php(67): CodeIgniter\Boot::runCodeIgniter()
 7 FCPATH\index.php(56): CodeIgniter\Boot::bootWeb()
CRITICAL - 2024-06-23 15:14:46 --> ErrorException: Undefined variable $error
[Method: GET, Route: appointment]
in APPPATH\Views\book.php on line 3.
 1 APPPATH\Views\book.php(3): CodeIgniter\Debug\Exceptions->errorHandler()
 2 SYSTEMPATH\View\View.php(234): include('C:\\Program Files\\Ampps\\www\\szepiteszet\\app\\Views\\book.php')
 3 SYSTEMPATH\View\View.php(237): CodeIgniter\View\View->CodeIgniter\View\{closure}()
 4 SYSTEMPATH\Common.php(1171): CodeIgniter\View\View->render()
 5 APPPATH\Controllers\Appointment.php(46): view()
 6 SYSTEMPATH\CodeIgniter.php(933): App\Controllers\Appointment->index()
 7 SYSTEMPATH\CodeIgniter.php(509): CodeIgniter\CodeIgniter->runController()
 8 SYSTEMPATH\CodeIgniter.php(355): CodeIgniter\CodeIgniter->handleRequest()
 9 SYSTEMPATH\Boot.php(312): CodeIgniter\CodeIgniter->run()
10 SYSTEMPATH\Boot.php(67): CodeIgniter\Boot::runCodeIgniter()
11 FCPATH\index.php(56): CodeIgniter\Boot::bootWeb()
CRITICAL - 2024-06-23 15:19:32 --> ErrorException: Undefined variable $error
[Method: GET, Route: appointment]
in APPPATH\Views\book.php on line 3.
 1 APPPATH\Views\book.php(3): CodeIgniter\Debug\Exceptions->errorHandler()
 2 SYSTEMPATH\View\View.php(234): include('C:\\Program Files\\Ampps\\www\\szepiteszet\\app\\Views\\book.php')
 3 SYSTEMPATH\View\View.php(237): CodeIgniter\View\View->CodeIgniter\View\{closure}()
 4 SYSTEMPATH\Common.php(1171): CodeIgniter\View\View->render()
 5 APPPATH\Controllers\Appointment.php(43): view()
 6 SYSTEMPATH\CodeIgniter.php(933): App\Controllers\Appointment->index()
 7 SYSTEMPATH\CodeIgniter.php(509): CodeIgniter\CodeIgniter->runController()
 8 SYSTEMPATH\CodeIgniter.php(355): CodeIgniter\CodeIgniter->handleRequest()
 9 SYSTEMPATH\Boot.php(312): CodeIgniter\CodeIgniter->run()
10 SYSTEMPATH\Boot.php(67): CodeIgniter\Boot::runCodeIgniter()
11 FCPATH\index.php(56): CodeIgniter\Boot::bootWeb()
CRITICAL - 2024-06-23 15:19:35 --> ErrorException: Undefined variable $error
[Method: GET, Route: appointment]
in APPPATH\Views\book.php on line 3.
 1 APPPATH\Views\book.php(3): CodeIgniter\Debug\Exceptions->errorHandler()
 2 SYSTEMPATH\View\View.php(234): include('C:\\Program Files\\Ampps\\www\\szepiteszet\\app\\Views\\book.php')
 3 SYSTEMPATH\View\View.php(237): CodeIgniter\View\View->CodeIgniter\View\{closure}()
 4 SYSTEMPATH\Common.php(1171): CodeIgniter\View\View->render()
 5 APPPATH\Controllers\Appointment.php(43): view()
 6 SYSTEMPATH\CodeIgniter.php(933): App\Controllers\Appointment->index()
 7 SYSTEMPATH\CodeIgniter.php(509): CodeIgniter\CodeIgniter->runController()
 8 SYSTEMPATH\CodeIgniter.php(355): CodeIgniter\CodeIgniter->handleRequest()
 9 SYSTEMPATH\Boot.php(312): CodeIgniter\CodeIgniter->run()
10 SYSTEMPATH\Boot.php(67): CodeIgniter\Boot::runCodeIgniter()
11 FCPATH\index.php(56): CodeIgniter\Boot::bootWeb()
CRITICAL - 2024-06-23 15:22:54 --> CodeIgniter\Validation\Exceptions\ValidationException: "book" is not a validation rules group.
[Method: POST, Route: appointment]
in SYSTEMPATH\Validation\Validation.php on line 749.
 1 SYSTEMPATH\Validation\Validation.php(749): CodeIgniter\Validation\Exceptions\ValidationException::forGroupNotFound()
 2 SYSTEMPATH\Validation\Validation.php(148): CodeIgniter\Validation\Validation->loadRuleGroup()
 3 APPPATH\Controllers\Appointment.php(19): CodeIgniter\Validation\Validation->run()
 4 SYSTEMPATH\CodeIgniter.php(933): App\Controllers\Appointment->index()
 5 SYSTEMPATH\CodeIgniter.php(509): CodeIgniter\CodeIgniter->runController()
 6 SYSTEMPATH\CodeIgniter.php(355): CodeIgniter\CodeIgniter->handleRequest()
 7 SYSTEMPATH\Boot.php(312): CodeIgniter\CodeIgniter->run()
 8 SYSTEMPATH\Boot.php(67): CodeIgniter\Boot::runCodeIgniter()
 9 FCPATH\index.php(56): CodeIgniter\Boot::bootWeb()
CRITICAL - 2024-06-23 18:28:47 --> ParseError: syntax error, unexpected token ">"
[Method: GET, Route: appointment]
in APPPATH\Controllers\Appointment.php on line 82.
 1 SYSTEMPATH\Autoloader\Autoloader.php(296): CodeIgniter\Autoloader\Autoloader->includeFile()
 2 SYSTEMPATH\Autoloader\Autoloader.php(272): CodeIgniter\Autoloader\Autoloader->loadInNamespace()
 3 [internal function]: CodeIgniter\Autoloader\Autoloader->loadClass()
 4 SYSTEMPATH\CodeIgniter.php(887): class_exists()
 5 SYSTEMPATH\CodeIgniter.php(496): CodeIgniter\CodeIgniter->startController()
 6 SYSTEMPATH\CodeIgniter.php(355): CodeIgniter\CodeIgniter->handleRequest()
 7 SYSTEMPATH\Boot.php(312): CodeIgniter\CodeIgniter->run()
 8 SYSTEMPATH\Boot.php(67): CodeIgniter\Boot::runCodeIgniter()
 9 FCPATH\index.php(56): CodeIgniter\Boot::bootWeb()
