CRITICAL - 2024-07-06 07:34:11 --> ErrorException: Undefined variable $date
[Method: GET, Route: appointment]
in APPPATH\Views\book.php on line 49.
 1 APPPATH\Views\book.php(49): CodeIgniter\Debug\Exceptions->errorHandler()
 2 SYSTEMPATH\View\View.php(234): include('C:\\Program Files\\Ampps\\www\\szepiteszet\\app\\Views\\book.php')
 3 SYSTEMPATH\View\View.php(237): CodeIgniter\View\View->CodeIgniter\View\{closure}()
 4 SYSTEMPATH\Common.php(1171): CodeIgniter\View\View->render()
 5 APPPATH\Controllers\Appointment.php(56): view()
 6 SYSTEMPATH\CodeIgniter.php(933): App\Controllers\Appointment->index()
 7 SYSTEMPATH\CodeIgniter.php(509): CodeIgniter\CodeIgniter->runController()
 8 SYSTEMPATH\CodeIgniter.php(355): CodeIgniter\CodeIgniter->handleRequest()
 9 SYSTEMPATH\Boot.php(312): CodeIgniter\CodeIgniter->run()
10 SYSTEMPATH\Boot.php(67): CodeIgniter\Boot::runCodeIgniter()
11 FCPATH\index.php(57): CodeIgniter\Boot::bootWeb()
CRITICAL - 2024-07-06 08:25:53 --> ErrorException: Undefined variable $date
[Method: GET, Route: appointment]
in APPPATH\Views\book.php on line 46.
 1 APPPATH\Views\book.php(46): CodeIgniter\Debug\Exceptions->errorHandler()
 2 SYSTEMPATH\View\View.php(234): include('C:\\Program Files\\Ampps\\www\\szepiteszet\\app\\Views\\book.php')
 3 SYSTEMPATH\View\View.php(237): CodeIgniter\View\View->CodeIgniter\View\{closure}()
 4 SYSTEMPATH\Common.php(1171): CodeIgniter\View\View->render()
 5 APPPATH\Controllers\Appointment.php(56): view()
 6 SYSTEMPATH\CodeIgniter.php(933): App\Controllers\Appointment->index()
 7 SYSTEMPATH\CodeIgniter.php(509): CodeIgniter\CodeIgniter->runController()
 8 SYSTEMPATH\CodeIgniter.php(355): CodeIgniter\CodeIgniter->handleRequest()
 9 SYSTEMPATH\Boot.php(312): CodeIgniter\CodeIgniter->run()
10 SYSTEMPATH\Boot.php(67): CodeIgniter\Boot::runCodeIgniter()
11 FCPATH\index.php(57): CodeIgniter\Boot::bootWeb()
CRITICAL - 2024-07-06 09:36:39 --> ErrorException: unlink(C:\Program Files\Ampps\www\szepiteszet\writable\debugbar/debugbar_1720255307.179788.json): No such file or directory
[Method: GET, Route: /]
in SYSTEMPATH\Debug\Toolbar\Collectors\History.php on line 82.
 1 [internal function]: CodeIgniter\Debug\Exceptions->errorHandler()
 2 SYSTEMPATH\Debug\Toolbar\Collectors\History.php(82): unlink()
 3 SYSTEMPATH\Debug\Toolbar.php(518): CodeIgniter\Debug\Toolbar\Collectors\History->setFiles()
 4 SYSTEMPATH\Debug\Toolbar.php(497): CodeIgniter\Debug\Toolbar->format()
 5 APPPATH\Config\Events.php(47): CodeIgniter\Debug\Toolbar->respond()
 6 SYSTEMPATH\Events\Events.php(155): CodeIgniter\Events\Events::Config\{closure}()
 7 SYSTEMPATH\CodeIgniter.php(340): CodeIgniter\Events\Events::trigger()
 8 SYSTEMPATH\Boot.php(312): CodeIgniter\CodeIgniter->run()
 9 SYSTEMPATH\Boot.php(67): CodeIgniter\Boot::runCodeIgniter()
10 FCPATH\index.php(57): CodeIgniter\Boot::bootWeb()
CRITICAL - 2024-07-06 09:37:06 --> ErrorException: Undefined array key "time"
[Method: POST, Route: appointment]
in APPPATH\Controllers\Appointment.php on line 33.
 1 APPPATH\Controllers\Appointment.php(33): CodeIgniter\Debug\Exceptions->errorHandler()
 2 SYSTEMPATH\CodeIgniter.php(933): App\Controllers\Appointment->index()
 3 SYSTEMPATH\CodeIgniter.php(509): CodeIgniter\CodeIgniter->runController()
 4 SYSTEMPATH\CodeIgniter.php(355): CodeIgniter\CodeIgniter->handleRequest()
 5 SYSTEMPATH\Boot.php(312): CodeIgniter\CodeIgniter->run()
 6 SYSTEMPATH\Boot.php(67): CodeIgniter\Boot::runCodeIgniter()
 7 FCPATH\index.php(57): CodeIgniter\Boot::bootWeb()
CRITICAL - 2024-07-06 09:38:24 --> ErrorException: Undefined array key "time"
[Method: POST, Route: appointment]
in APPPATH\Controllers\Appointment.php on line 33.
 1 APPPATH\Controllers\Appointment.php(33): CodeIgniter\Debug\Exceptions->errorHandler()
 2 SYSTEMPATH\CodeIgniter.php(933): App\Controllers\Appointment->index()
 3 SYSTEMPATH\CodeIgniter.php(509): CodeIgniter\CodeIgniter->runController()
 4 SYSTEMPATH\CodeIgniter.php(355): CodeIgniter\CodeIgniter->handleRequest()
 5 SYSTEMPATH\Boot.php(312): CodeIgniter\CodeIgniter->run()
 6 SYSTEMPATH\Boot.php(67): CodeIgniter\Boot::runCodeIgniter()
 7 FCPATH\index.php(57): CodeIgniter\Boot::bootWeb()
CRITICAL - 2024-07-06 09:38:35 --> ErrorException: Undefined array key "time"
[Method: POST, Route: appointment]
in APPPATH\Controllers\Appointment.php on line 33.
 1 APPPATH\Controllers\Appointment.php(33): CodeIgniter\Debug\Exceptions->errorHandler()
 2 SYSTEMPATH\CodeIgniter.php(933): App\Controllers\Appointment->index()
 3 SYSTEMPATH\CodeIgniter.php(509): CodeIgniter\CodeIgniter->runController()
 4 SYSTEMPATH\CodeIgniter.php(355): CodeIgniter\CodeIgniter->handleRequest()
 5 SYSTEMPATH\Boot.php(312): CodeIgniter\CodeIgniter->run()
 6 SYSTEMPATH\Boot.php(67): CodeIgniter\Boot::runCodeIgniter()
 7 FCPATH\index.php(57): CodeIgniter\Boot::bootWeb()
CRITICAL - 2024-07-06 09:38:44 --> ErrorException: Undefined array key "time"
[Method: POST, Route: appointment]
in APPPATH\Controllers\Appointment.php on line 33.
 1 APPPATH\Controllers\Appointment.php(33): CodeIgniter\Debug\Exceptions->errorHandler()
 2 SYSTEMPATH\CodeIgniter.php(933): App\Controllers\Appointment->index()
 3 SYSTEMPATH\CodeIgniter.php(509): CodeIgniter\CodeIgniter->runController()
 4 SYSTEMPATH\CodeIgniter.php(355): CodeIgniter\CodeIgniter->handleRequest()
 5 SYSTEMPATH\Boot.php(312): CodeIgniter\CodeIgniter->run()
 6 SYSTEMPATH\Boot.php(67): CodeIgniter\Boot::runCodeIgniter()
 7 FCPATH\index.php(57): CodeIgniter\Boot::bootWeb()
CRITICAL - 2024-07-06 09:39:23 --> ErrorException: Undefined array key "time"
[Method: POST, Route: appointment]
in APPPATH\Controllers\Appointment.php on line 33.
 1 APPPATH\Controllers\Appointment.php(33): CodeIgniter\Debug\Exceptions->errorHandler()
 2 SYSTEMPATH\CodeIgniter.php(933): App\Controllers\Appointment->index()
 3 SYSTEMPATH\CodeIgniter.php(509): CodeIgniter\CodeIgniter->runController()
 4 SYSTEMPATH\CodeIgniter.php(355): CodeIgniter\CodeIgniter->handleRequest()
 5 SYSTEMPATH\Boot.php(312): CodeIgniter\CodeIgniter->run()
 6 SYSTEMPATH\Boot.php(67): CodeIgniter\Boot::runCodeIgniter()
 7 FCPATH\index.php(57): CodeIgniter\Boot::bootWeb()
INFO - 2024-07-06 12:55:41 --> POST adatok: {"name":"Kov\u00e1cs Gizi","email":"kovacs@gmail.com","phone":"+36301234567","service_type":"Sminktetov\u00e1l\u00e1s","service_name":"Szemh\u00e9j","time":"4","accept":"1","date":" ","send":"K\u00fcld\u00e9s"}
INFO - 2024-07-06 12:56:03 --> POST adatok: []
INFO - 2024-07-06 12:56:27 --> POST adatok: {"name":"Kov\u00e1cs Gizi","email":"kovacs@gmail.com","phone":"+36301234567","service_type":"Gyant\u00e1z\u00e1s","service_name":"Kar v\u00e9gig","time":"4","accept":"1","date":" ","send":"K\u00fcld\u00e9s"}
INFO - 2024-07-06 12:56:32 --> POST adatok: []
INFO - 2024-07-06 13:08:21 --> POST adatok: {"name":"Kov\u00e1cs Gizi","email":"kovacs@gmail.com","phone":"+36301234567","service_type":"Arckezel\u00e9s","service_name":"T\u0171 n\u00e9lk\u00fcli mezoter\u00e1pia","time":"4","accept":"1","date":" ","send":"K\u00fcld\u00e9s"}
ERROR - 2024-07-06 13:08:21 --> mysqli_sql_exception: Operand should contain 1 column(s) in C:\Program Files\Ampps\www\szepiteszet\system\Database\MySQLi\Connection.php:308
Stack trace:
#0 C:\Program Files\Ampps\www\szepiteszet\system\Database\MySQLi\Connection.php(308): mysqli->query()
#1 C:\Program Files\Ampps\www\szepiteszet\system\Database\BaseConnection.php(722): CodeIgniter\Database\MySQLi\Connection->execute()
#2 C:\Program Files\Ampps\www\szepiteszet\system\Database\BaseConnection.php(636): CodeIgniter\Database\BaseConnection->simpleQuery()
#3 C:\Program Files\Ampps\www\szepiteszet\system\Database\BaseBuilder.php(2325): CodeIgniter\Database\BaseConnection->query()
#4 C:\Program Files\Ampps\www\szepiteszet\system\Model.php(383): CodeIgniter\Database\BaseBuilder->insert()
#5 C:\Program Files\Ampps\www\szepiteszet\system\BaseModel.php(840): CodeIgniter\Model->doInsert()
#6 C:\Program Files\Ampps\www\szepiteszet\system\Model.php(791): CodeIgniter\BaseModel->insert()
#7 C:\Program Files\Ampps\www\szepiteszet\app\Controllers\Appointment.php(50): CodeIgniter\Model->insert()
#8 C:\Program Files\Ampps\www\szepiteszet\system\CodeIgniter.php(933): App\Controllers\Appointment->index()
#9 C:\Program Files\Ampps\www\szepiteszet\system\CodeIgniter.php(509): CodeIgniter\CodeIgniter->runController()
#10 C:\Program Files\Ampps\www\szepiteszet\system\CodeIgniter.php(355): CodeIgniter\CodeIgniter->handleRequest()
#11 C:\Program Files\Ampps\www\szepiteszet\system\Boot.php(312): CodeIgniter\CodeIgniter->run()
#12 C:\Program Files\Ampps\www\szepiteszet\system\Boot.php(67): CodeIgniter\Boot::runCodeIgniter()
#13 C:\Program Files\Ampps\www\szepiteszet\public\index.php(57): CodeIgniter\Boot::bootWeb()
#14 {main}
CRITICAL - 2024-07-06 13:08:22 --> CodeIgniter\Database\Exceptions\DatabaseException: Operand should contain 1 column(s)
[Method: POST, Route: appointment]
in SYSTEMPATH\Database\BaseConnection.php on line 676.
 1 SYSTEMPATH\Database\BaseBuilder.php(2325): CodeIgniter\Database\BaseConnection->query()
 2 SYSTEMPATH\Model.php(383): CodeIgniter\Database\BaseBuilder->insert()
 3 SYSTEMPATH\BaseModel.php(840): CodeIgniter\Model->doInsert()
 4 SYSTEMPATH\Model.php(791): CodeIgniter\BaseModel->insert()
 5 APPPATH\Controllers\Appointment.php(50): CodeIgniter\Model->insert()
 6 SYSTEMPATH\CodeIgniter.php(933): App\Controllers\Appointment->index()
 7 SYSTEMPATH\CodeIgniter.php(509): CodeIgniter\CodeIgniter->runController()
 8 SYSTEMPATH\CodeIgniter.php(355): CodeIgniter\CodeIgniter->handleRequest()
 9 SYSTEMPATH\Boot.php(312): CodeIgniter\CodeIgniter->run()
10 SYSTEMPATH\Boot.php(67): CodeIgniter\Boot::runCodeIgniter()
11 FCPATH\index.php(57): CodeIgniter\Boot::bootWeb()
CRITICAL - 2024-07-06 13:08:22 --> [Caused by] CodeIgniter\Database\Exceptions\DatabaseException: Operand should contain 1 column(s)
in SYSTEMPATH\Database\MySQLi\Connection.php on line 313.
 1 SYSTEMPATH\Database\BaseConnection.php(722): CodeIgniter\Database\MySQLi\Connection->execute()
 2 SYSTEMPATH\Database\BaseConnection.php(636): CodeIgniter\Database\BaseConnection->simpleQuery()
 3 SYSTEMPATH\Database\BaseBuilder.php(2325): CodeIgniter\Database\BaseConnection->query()
 4 SYSTEMPATH\Model.php(383): CodeIgniter\Database\BaseBuilder->insert()
 5 SYSTEMPATH\BaseModel.php(840): CodeIgniter\Model->doInsert()
 6 SYSTEMPATH\Model.php(791): CodeIgniter\BaseModel->insert()
 7 APPPATH\Controllers\Appointment.php(50): CodeIgniter\Model->insert()
 8 SYSTEMPATH\CodeIgniter.php(933): App\Controllers\Appointment->index()
 9 SYSTEMPATH\CodeIgniter.php(509): CodeIgniter\CodeIgniter->runController()
10 SYSTEMPATH\CodeIgniter.php(355): CodeIgniter\CodeIgniter->handleRequest()
11 SYSTEMPATH\Boot.php(312): CodeIgniter\CodeIgniter->run()
12 SYSTEMPATH\Boot.php(67): CodeIgniter\Boot::runCodeIgniter()
13 FCPATH\index.php(57): CodeIgniter\Boot::bootWeb()
CRITICAL - 2024-07-06 13:08:22 --> [Caused by] mysqli_sql_exception: Operand should contain 1 column(s)
in SYSTEMPATH\Database\MySQLi\Connection.php on line 308.
 1 SYSTEMPATH\Database\MySQLi\Connection.php(308): mysqli->query()
 2 SYSTEMPATH\Database\BaseConnection.php(722): CodeIgniter\Database\MySQLi\Connection->execute()
 3 SYSTEMPATH\Database\BaseConnection.php(636): CodeIgniter\Database\BaseConnection->simpleQuery()
 4 SYSTEMPATH\Database\BaseBuilder.php(2325): CodeIgniter\Database\BaseConnection->query()
 5 SYSTEMPATH\Model.php(383): CodeIgniter\Database\BaseBuilder->insert()
 6 SYSTEMPATH\BaseModel.php(840): CodeIgniter\Model->doInsert()
 7 SYSTEMPATH\Model.php(791): CodeIgniter\BaseModel->insert()
 8 APPPATH\Controllers\Appointment.php(50): CodeIgniter\Model->insert()
 9 SYSTEMPATH\CodeIgniter.php(933): App\Controllers\Appointment->index()
10 SYSTEMPATH\CodeIgniter.php(509): CodeIgniter\CodeIgniter->runController()
11 SYSTEMPATH\CodeIgniter.php(355): CodeIgniter\CodeIgniter->handleRequest()
12 SYSTEMPATH\Boot.php(312): CodeIgniter\CodeIgniter->run()
13 SYSTEMPATH\Boot.php(67): CodeIgniter\Boot::runCodeIgniter()
14 FCPATH\index.php(57): CodeIgniter\Boot::bootWeb()
INFO - 2024-07-06 13:11:43 --> POST adatok: {"name":"Kov\u00e1cs Gizi","email":"kovacs@gmail.com","phone":"+36301234567","service_type":"Arckezel\u00e9s","service_name":"T\u0171 n\u00e9lk\u00fcli mezoter\u00e1pia","time":"4","accept":"1","date":" ","send":"K\u00fcld\u00e9s"}
INFO - 2024-07-06 13:12:02 --> POST adatok: []
INFO - 2024-07-06 13:12:04 --> POST adatok: []
INFO - 2024-07-06 13:12:51 --> POST adatok: []
CRITICAL - 2024-07-06 13:16:18 --> ErrorException: Undefined variable $post
[Method: GET, Route: appointment]
in APPPATH\Controllers\Appointment.php on line 16.
 1 APPPATH\Controllers\Appointment.php(16): CodeIgniter\Debug\Exceptions->errorHandler()
 2 SYSTEMPATH\CodeIgniter.php(933): App\Controllers\Appointment->index()
 3 SYSTEMPATH\CodeIgniter.php(509): CodeIgniter\CodeIgniter->runController()
 4 SYSTEMPATH\CodeIgniter.php(355): CodeIgniter\CodeIgniter->handleRequest()
 5 SYSTEMPATH\Boot.php(312): CodeIgniter\CodeIgniter->run()
 6 SYSTEMPATH\Boot.php(67): CodeIgniter\Boot::runCodeIgniter()
 7 FCPATH\index.php(57): CodeIgniter\Boot::bootWeb()
CRITICAL - 2024-07-06 13:20:01 --> ErrorException: Undefined variable $times
[Method: POST, Route: appointment]
in APPPATH\Views\book.php on line 45.
 1 APPPATH\Views\book.php(45): CodeIgniter\Debug\Exceptions->errorHandler()
 2 SYSTEMPATH\View\View.php(234): include('C:\\Program Files\\Ampps\\www\\szepiteszet\\app\\Views\\book.php')
 3 SYSTEMPATH\View\View.php(237): CodeIgniter\View\View->CodeIgniter\View\{closure}()
 4 SYSTEMPATH\Common.php(1171): CodeIgniter\View\View->render()
 5 APPPATH\Controllers\Appointment.php(66): view()
 6 SYSTEMPATH\CodeIgniter.php(933): App\Controllers\Appointment->index()
 7 SYSTEMPATH\CodeIgniter.php(509): CodeIgniter\CodeIgniter->runController()
 8 SYSTEMPATH\CodeIgniter.php(355): CodeIgniter\CodeIgniter->handleRequest()
 9 SYSTEMPATH\Boot.php(312): CodeIgniter\CodeIgniter->run()
10 SYSTEMPATH\Boot.php(67): CodeIgniter\Boot::runCodeIgniter()
11 FCPATH\index.php(57): CodeIgniter\Boot::bootWeb()
CRITICAL - 2024-07-06 13:31:22 --> ErrorException: Undefined variable $times
[Method: GET, Route: appointment]
in APPPATH\Views\book.php on line 45.
 1 APPPATH\Views\book.php(45): CodeIgniter\Debug\Exceptions->errorHandler()
 2 SYSTEMPATH\View\View.php(234): include('C:\\Program Files\\Ampps\\www\\szepiteszet\\app\\Views\\book.php')
 3 SYSTEMPATH\View\View.php(237): CodeIgniter\View\View->CodeIgniter\View\{closure}()
 4 SYSTEMPATH\Common.php(1171): CodeIgniter\View\View->render()
 5 APPPATH\Controllers\Appointment.php(66): view()
 6 SYSTEMPATH\CodeIgniter.php(933): App\Controllers\Appointment->index()
 7 SYSTEMPATH\CodeIgniter.php(509): CodeIgniter\CodeIgniter->runController()
 8 SYSTEMPATH\CodeIgniter.php(355): CodeIgniter\CodeIgniter->handleRequest()
 9 SYSTEMPATH\Boot.php(312): CodeIgniter\CodeIgniter->run()
10 SYSTEMPATH\Boot.php(67): CodeIgniter\Boot::runCodeIgniter()
11 FCPATH\index.php(57): CodeIgniter\Boot::bootWeb()
CRITICAL - 2024-07-06 13:31:23 --> ErrorException: Undefined variable $times
[Method: GET, Route: appointment]
in APPPATH\Views\book.php on line 45.
 1 APPPATH\Views\book.php(45): CodeIgniter\Debug\Exceptions->errorHandler()
 2 SYSTEMPATH\View\View.php(234): include('C:\\Program Files\\Ampps\\www\\szepiteszet\\app\\Views\\book.php')
 3 SYSTEMPATH\View\View.php(237): CodeIgniter\View\View->CodeIgniter\View\{closure}()
 4 SYSTEMPATH\Common.php(1171): CodeIgniter\View\View->render()
 5 APPPATH\Controllers\Appointment.php(66): view()
 6 SYSTEMPATH\CodeIgniter.php(933): App\Controllers\Appointment->index()
 7 SYSTEMPATH\CodeIgniter.php(509): CodeIgniter\CodeIgniter->runController()
 8 SYSTEMPATH\CodeIgniter.php(355): CodeIgniter\CodeIgniter->handleRequest()
 9 SYSTEMPATH\Boot.php(312): CodeIgniter\CodeIgniter->run()
10 SYSTEMPATH\Boot.php(67): CodeIgniter\Boot::runCodeIgniter()
11 FCPATH\index.php(57): CodeIgniter\Boot::bootWeb()
CRITICAL - 2024-07-06 14:07:51 --> ErrorException: Undefined array key "day"
[Method: GET, Route: appointment]
in APPPATH\Views\appointment.php on line 11.
 1 APPPATH\Views\appointment.php(11): CodeIgniter\Debug\Exceptions->errorHandler()
 2 SYSTEMPATH\View\View.php(234): include('C:\\Program Files\\Ampps\\www\\szepiteszet\\app\\Views\\appointment.php')
 3 SYSTEMPATH\View\View.php(237): CodeIgniter\View\View->CodeIgniter\View\{closure}()
 4 SYSTEMPATH\Common.php(1171): CodeIgniter\View\View->render()
 5 APPPATH\Controllers\Appointment.php(70): view()
 6 SYSTEMPATH\CodeIgniter.php(933): App\Controllers\Appointment->index()
 7 SYSTEMPATH\CodeIgniter.php(509): CodeIgniter\CodeIgniter->runController()
 8 SYSTEMPATH\CodeIgniter.php(355): CodeIgniter\CodeIgniter->handleRequest()
 9 SYSTEMPATH\Boot.php(312): CodeIgniter\CodeIgniter->run()
10 SYSTEMPATH\Boot.php(67): CodeIgniter\Boot::runCodeIgniter()
11 FCPATH\index.php(57): CodeIgniter\Boot::bootWeb()
CRITICAL - 2024-07-06 14:17:51 --> Error: Undefined constant "book"
[Method: GET, Route: appointment]
in APPPATH\Views\appointment.php on line 18.
 1 SYSTEMPATH\View\View.php(234): include()
 2 SYSTEMPATH\View\View.php(237): CodeIgniter\View\View->CodeIgniter\View\{closure}()
 3 SYSTEMPATH\Common.php(1171): CodeIgniter\View\View->render()
 4 APPPATH\Controllers\Appointment.php(70): view()
 5 SYSTEMPATH\CodeIgniter.php(933): App\Controllers\Appointment->index()
 6 SYSTEMPATH\CodeIgniter.php(509): CodeIgniter\CodeIgniter->runController()
 7 SYSTEMPATH\CodeIgniter.php(355): CodeIgniter\CodeIgniter->handleRequest()
 8 SYSTEMPATH\Boot.php(312): CodeIgniter\CodeIgniter->run()
 9 SYSTEMPATH\Boot.php(67): CodeIgniter\Boot::runCodeIgniter()
10 FCPATH\index.php(57): CodeIgniter\Boot::bootWeb()
CRITICAL - 2024-07-06 14:43:23 --> CodeIgniter\HTTP\Exceptions\BadRequestException: The URI you submitted has disallowed characters: "base_url("
[Method: GET, Route: base_url%28]
in SYSTEMPATH\Router\Router.php on line 736.
 1 SYSTEMPATH\Router\Router.php(203): CodeIgniter\Router\Router->checkDisallowedChars()
 2 SYSTEMPATH\CodeIgniter.php(834): CodeIgniter\Router\Router->handle()
 3 SYSTEMPATH\CodeIgniter.php(457): CodeIgniter\CodeIgniter->tryToRouteIt()
 4 SYSTEMPATH\CodeIgniter.php(355): CodeIgniter\CodeIgniter->handleRequest()
 5 SYSTEMPATH\Boot.php(312): CodeIgniter\CodeIgniter->run()
 6 SYSTEMPATH\Boot.php(67): CodeIgniter\Boot::runCodeIgniter()
 7 FCPATH\index.php(57): CodeIgniter\Boot::bootWeb()
CRITICAL - 2024-07-06 14:44:58 --> CodeIgniter\HTTP\Exceptions\BadRequestException: The URI you submitted has disallowed characters: "base_url(appointment)"
[Method: GET, Route: base_url%28appointment%29]
in SYSTEMPATH\Router\Router.php on line 736.
 1 SYSTEMPATH\Router\Router.php(203): CodeIgniter\Router\Router->checkDisallowedChars()
 2 SYSTEMPATH\CodeIgniter.php(834): CodeIgniter\Router\Router->handle()
 3 SYSTEMPATH\CodeIgniter.php(457): CodeIgniter\CodeIgniter->tryToRouteIt()
 4 SYSTEMPATH\CodeIgniter.php(355): CodeIgniter\CodeIgniter->handleRequest()
 5 SYSTEMPATH\Boot.php(312): CodeIgniter\CodeIgniter->run()
 6 SYSTEMPATH\Boot.php(67): CodeIgniter\Boot::runCodeIgniter()
 7 FCPATH\index.php(57): CodeIgniter\Boot::bootWeb()
CRITICAL - 2024-07-06 14:46:30 --> CodeIgniter\HTTP\Exceptions\BadRequestException: The URI you submitted has disallowed characters: "base_url(appointment)"
[Method: GET, Route: base_url%28appointment%29]
in SYSTEMPATH\Router\Router.php on line 736.
 1 SYSTEMPATH\Router\Router.php(203): CodeIgniter\Router\Router->checkDisallowedChars()
 2 SYSTEMPATH\CodeIgniter.php(834): CodeIgniter\Router\Router->handle()
 3 SYSTEMPATH\CodeIgniter.php(457): CodeIgniter\CodeIgniter->tryToRouteIt()
 4 SYSTEMPATH\CodeIgniter.php(355): CodeIgniter\CodeIgniter->handleRequest()
 5 SYSTEMPATH\Boot.php(312): CodeIgniter\CodeIgniter->run()
 6 SYSTEMPATH\Boot.php(67): CodeIgniter\Boot::runCodeIgniter()
 7 FCPATH\index.php(57): CodeIgniter\Boot::bootWeb()
CRITICAL - 2024-07-06 14:52:29 --> CodeIgniter\HTTP\Exceptions\BadRequestException: The URI you submitted has disallowed characters: "base_url(appointment)"
[Method: GET, Route: base_url%28appointment%29]
in SYSTEMPATH\Router\Router.php on line 736.
 1 SYSTEMPATH\Router\Router.php(203): CodeIgniter\Router\Router->checkDisallowedChars()
 2 SYSTEMPATH\CodeIgniter.php(834): CodeIgniter\Router\Router->handle()
 3 SYSTEMPATH\CodeIgniter.php(457): CodeIgniter\CodeIgniter->tryToRouteIt()
 4 SYSTEMPATH\CodeIgniter.php(355): CodeIgniter\CodeIgniter->handleRequest()
 5 SYSTEMPATH\Boot.php(312): CodeIgniter\CodeIgniter->run()
 6 SYSTEMPATH\Boot.php(67): CodeIgniter\Boot::runCodeIgniter()
 7 FCPATH\index.php(57): CodeIgniter\Boot::bootWeb()
CRITICAL - 2024-07-06 14:53:15 --> CodeIgniter\HTTP\Exceptions\BadRequestException: The URI you submitted has disallowed characters: "view(appointment)"
[Method: GET, Route: view%28appointment%29]
in SYSTEMPATH\Router\Router.php on line 736.
 1 SYSTEMPATH\Router\Router.php(203): CodeIgniter\Router\Router->checkDisallowedChars()
 2 SYSTEMPATH\CodeIgniter.php(834): CodeIgniter\Router\Router->handle()
 3 SYSTEMPATH\CodeIgniter.php(457): CodeIgniter\CodeIgniter->tryToRouteIt()
 4 SYSTEMPATH\CodeIgniter.php(355): CodeIgniter\CodeIgniter->handleRequest()
 5 SYSTEMPATH\Boot.php(312): CodeIgniter\CodeIgniter->run()
 6 SYSTEMPATH\Boot.php(67): CodeIgniter\Boot::runCodeIgniter()
 7 FCPATH\index.php(57): CodeIgniter\Boot::bootWeb()
CRITICAL - 2024-07-06 14:53:50 --> CodeIgniter\HTTP\Exceptions\BadRequestException: The URI you submitted has disallowed characters: "view("
[Method: GET, Route: view%28]
in SYSTEMPATH\Router\Router.php on line 736.
 1 SYSTEMPATH\Router\Router.php(203): CodeIgniter\Router\Router->checkDisallowedChars()
 2 SYSTEMPATH\CodeIgniter.php(834): CodeIgniter\Router\Router->handle()
 3 SYSTEMPATH\CodeIgniter.php(457): CodeIgniter\CodeIgniter->tryToRouteIt()
 4 SYSTEMPATH\CodeIgniter.php(355): CodeIgniter\CodeIgniter->handleRequest()
 5 SYSTEMPATH\Boot.php(312): CodeIgniter\CodeIgniter->run()
 6 SYSTEMPATH\Boot.php(67): CodeIgniter\Boot::runCodeIgniter()
 7 FCPATH\index.php(57): CodeIgniter\Boot::bootWeb()
CRITICAL - 2024-07-06 14:54:26 --> CodeIgniter\HTTP\Exceptions\BadRequestException: The URI you submitted has disallowed characters: "(appointment)"
[Method: GET, Route: %28appointment%29]
in SYSTEMPATH\Router\Router.php on line 736.
 1 SYSTEMPATH\Router\Router.php(203): CodeIgniter\Router\Router->checkDisallowedChars()
 2 SYSTEMPATH\CodeIgniter.php(834): CodeIgniter\Router\Router->handle()
 3 SYSTEMPATH\CodeIgniter.php(457): CodeIgniter\CodeIgniter->tryToRouteIt()
 4 SYSTEMPATH\CodeIgniter.php(355): CodeIgniter\CodeIgniter->handleRequest()
 5 SYSTEMPATH\Boot.php(312): CodeIgniter\CodeIgniter->run()
 6 SYSTEMPATH\Boot.php(67): CodeIgniter\Boot::runCodeIgniter()
 7 FCPATH\index.php(57): CodeIgniter\Boot::bootWeb()
CRITICAL - 2024-07-06 15:08:09 --> TypeError: view(): Argument #1 ($name) must be of type string, array given, called in C:\Program Files\Ampps\www\szepiteszet\app\Controllers\Appointment.php on line 63
[Method: GET, Route: appointment]
in SYSTEMPATH\Common.php on line 1159.
 1 APPPATH\Controllers\Appointment.php(63): view()
 2 SYSTEMPATH\CodeIgniter.php(933): App\Controllers\Appointment->index()
 3 SYSTEMPATH\CodeIgniter.php(509): CodeIgniter\CodeIgniter->runController()
 4 SYSTEMPATH\CodeIgniter.php(355): CodeIgniter\CodeIgniter->handleRequest()
 5 SYSTEMPATH\Boot.php(312): CodeIgniter\CodeIgniter->run()
 6 SYSTEMPATH\Boot.php(67): CodeIgniter\Boot::runCodeIgniter()
 7 FCPATH\index.php(57): CodeIgniter\Boot::bootWeb()
CRITICAL - 2024-07-06 15:10:39 --> ParseError: syntax error, unexpected token "=>", expecting ")"
[Method: GET, Route: appointment]
in APPPATH\Controllers\Appointment.php on line 63.
 1 SYSTEMPATH\Autoloader\Autoloader.php(296): CodeIgniter\Autoloader\Autoloader->includeFile()
 2 SYSTEMPATH\Autoloader\Autoloader.php(272): CodeIgniter\Autoloader\Autoloader->loadInNamespace()
 3 [internal function]: CodeIgniter\Autoloader\Autoloader->loadClass()
 4 SYSTEMPATH\CodeIgniter.php(887): class_exists()
 5 SYSTEMPATH\CodeIgniter.php(496): CodeIgniter\CodeIgniter->startController()
 6 SYSTEMPATH\CodeIgniter.php(355): CodeIgniter\CodeIgniter->handleRequest()
 7 SYSTEMPATH\Boot.php(312): CodeIgniter\CodeIgniter->run()
 8 SYSTEMPATH\Boot.php(67): CodeIgniter\Boot::runCodeIgniter()
 9 FCPATH\index.php(57): CodeIgniter\Boot::bootWeb()
CRITICAL - 2024-07-06 15:11:20 --> TypeError: view(): Argument #1 ($name) must be of type string, array given, called in C:\Program Files\Ampps\www\szepiteszet\app\Controllers\Appointment.php on line 63
[Method: GET, Route: appointment]
in SYSTEMPATH\Common.php on line 1159.
 1 APPPATH\Controllers\Appointment.php(63): view()
 2 SYSTEMPATH\CodeIgniter.php(933): App\Controllers\Appointment->index()
 3 SYSTEMPATH\CodeIgniter.php(509): CodeIgniter\CodeIgniter->runController()
 4 SYSTEMPATH\CodeIgniter.php(355): CodeIgniter\CodeIgniter->handleRequest()
 5 SYSTEMPATH\Boot.php(312): CodeIgniter\CodeIgniter->run()
 6 SYSTEMPATH\Boot.php(67): CodeIgniter\Boot::runCodeIgniter()
 7 FCPATH\index.php(57): CodeIgniter\Boot::bootWeb()
CRITICAL - 2024-07-06 15:12:21 --> TypeError: view(): Argument #1 ($name) must be of type string, array given, called in C:\Program Files\Ampps\www\szepiteszet\app\Controllers\Appointment.php on line 63
[Method: GET, Route: appointment]
in SYSTEMPATH\Common.php on line 1159.
 1 APPPATH\Controllers\Appointment.php(63): view()
 2 SYSTEMPATH\CodeIgniter.php(933): App\Controllers\Appointment->index()
 3 SYSTEMPATH\CodeIgniter.php(509): CodeIgniter\CodeIgniter->runController()
 4 SYSTEMPATH\CodeIgniter.php(355): CodeIgniter\CodeIgniter->handleRequest()
 5 SYSTEMPATH\Boot.php(312): CodeIgniter\CodeIgniter->run()
 6 SYSTEMPATH\Boot.php(67): CodeIgniter\Boot::runCodeIgniter()
 7 FCPATH\index.php(57): CodeIgniter\Boot::bootWeb()
CRITICAL - 2024-07-06 15:12:23 --> TypeError: view(): Argument #1 ($name) must be of type string, array given, called in C:\Program Files\Ampps\www\szepiteszet\app\Controllers\Appointment.php on line 63
[Method: GET, Route: appointment]
in SYSTEMPATH\Common.php on line 1159.
 1 APPPATH\Controllers\Appointment.php(63): view()
 2 SYSTEMPATH\CodeIgniter.php(933): App\Controllers\Appointment->index()
 3 SYSTEMPATH\CodeIgniter.php(509): CodeIgniter\CodeIgniter->runController()
 4 SYSTEMPATH\CodeIgniter.php(355): CodeIgniter\CodeIgniter->handleRequest()
 5 SYSTEMPATH\Boot.php(312): CodeIgniter\CodeIgniter->run()
 6 SYSTEMPATH\Boot.php(67): CodeIgniter\Boot::runCodeIgniter()
 7 FCPATH\index.php(57): CodeIgniter\Boot::bootWeb()
CRITICAL - 2024-07-06 15:12:24 --> TypeError: view(): Argument #1 ($name) must be of type string, array given, called in C:\Program Files\Ampps\www\szepiteszet\app\Controllers\Appointment.php on line 63
[Method: GET, Route: appointment]
in SYSTEMPATH\Common.php on line 1159.
 1 APPPATH\Controllers\Appointment.php(63): view()
 2 SYSTEMPATH\CodeIgniter.php(933): App\Controllers\Appointment->index()
 3 SYSTEMPATH\CodeIgniter.php(509): CodeIgniter\CodeIgniter->runController()
 4 SYSTEMPATH\CodeIgniter.php(355): CodeIgniter\CodeIgniter->handleRequest()
 5 SYSTEMPATH\Boot.php(312): CodeIgniter\CodeIgniter->run()
 6 SYSTEMPATH\Boot.php(67): CodeIgniter\Boot::runCodeIgniter()
 7 FCPATH\index.php(57): CodeIgniter\Boot::bootWeb()
CRITICAL - 2024-07-06 15:21:45 --> Error: Call to undefined function form_open()
[Method: POST, Route: appointment]
in APPPATH\Views\appointment-success.php on line 4.
 1 SYSTEMPATH\View\View.php(234): include()
 2 SYSTEMPATH\View\View.php(237): CodeIgniter\View\View->CodeIgniter\View\{closure}()
 3 SYSTEMPATH\Common.php(1171): CodeIgniter\View\View->render()
 4 APPPATH\Controllers\Appointment.php(52): view()
 5 SYSTEMPATH\CodeIgniter.php(933): App\Controllers\Appointment->index()
 6 SYSTEMPATH\CodeIgniter.php(509): CodeIgniter\CodeIgniter->runController()
 7 SYSTEMPATH\CodeIgniter.php(355): CodeIgniter\CodeIgniter->handleRequest()
 8 SYSTEMPATH\Boot.php(312): CodeIgniter\CodeIgniter->run()
 9 SYSTEMPATH\Boot.php(67): CodeIgniter\Boot::runCodeIgniter()
10 FCPATH\index.php(57): CodeIgniter\Boot::bootWeb()
CRITICAL - 2024-07-06 15:26:04 --> ErrorException: Undefined variable $day
[Method: POST, Route: appointment]
in APPPATH\Views\appointment-success.php on line 2.
 1 APPPATH\Views\appointment-success.php(2): CodeIgniter\Debug\Exceptions->errorHandler()
 2 SYSTEMPATH\View\View.php(234): include('C:\\Program Files\\Ampps\\www\\szepiteszet\\app\\Views\\appointment-success.php')
 3 SYSTEMPATH\View\View.php(237): CodeIgniter\View\View->CodeIgniter\View\{closure}()
 4 SYSTEMPATH\Common.php(1171): CodeIgniter\View\View->render()
 5 APPPATH\Controllers\Appointment.php(52): view()
 6 SYSTEMPATH\CodeIgniter.php(933): App\Controllers\Appointment->index()
 7 SYSTEMPATH\CodeIgniter.php(509): CodeIgniter\CodeIgniter->runController()
 8 SYSTEMPATH\CodeIgniter.php(355): CodeIgniter\CodeIgniter->handleRequest()
 9 SYSTEMPATH\Boot.php(312): CodeIgniter\CodeIgniter->run()
10 SYSTEMPATH\Boot.php(67): CodeIgniter\Boot::runCodeIgniter()
11 FCPATH\index.php(57): CodeIgniter\Boot::bootWeb()
CRITICAL - 2024-07-06 15:26:15 --> ErrorException: Undefined variable $day
[Method: POST, Route: appointment]
in APPPATH\Views\appointment-success.php on line 2.
 1 APPPATH\Views\appointment-success.php(2): CodeIgniter\Debug\Exceptions->errorHandler()
 2 SYSTEMPATH\View\View.php(234): include('C:\\Program Files\\Ampps\\www\\szepiteszet\\app\\Views\\appointment-success.php')
 3 SYSTEMPATH\View\View.php(237): CodeIgniter\View\View->CodeIgniter\View\{closure}()
 4 SYSTEMPATH\Common.php(1171): CodeIgniter\View\View->render()
 5 APPPATH\Controllers\Appointment.php(52): view()
 6 SYSTEMPATH\CodeIgniter.php(933): App\Controllers\Appointment->index()
 7 SYSTEMPATH\CodeIgniter.php(509): CodeIgniter\CodeIgniter->runController()
 8 SYSTEMPATH\CodeIgniter.php(355): CodeIgniter\CodeIgniter->handleRequest()
 9 SYSTEMPATH\Boot.php(312): CodeIgniter\CodeIgniter->run()
10 SYSTEMPATH\Boot.php(67): CodeIgniter\Boot::runCodeIgniter()
11 FCPATH\index.php(57): CodeIgniter\Boot::bootWeb()
CRITICAL - 2024-07-06 15:28:05 --> Error: Call to undefined function form_open()
[Method: POST, Route: appointment]
in APPPATH\Views\appointment-success.php on line 5.
 1 SYSTEMPATH\View\View.php(234): include()
 2 SYSTEMPATH\View\View.php(237): CodeIgniter\View\View->CodeIgniter\View\{closure}()
 3 SYSTEMPATH\Common.php(1171): CodeIgniter\View\View->render()
 4 APPPATH\Controllers\Appointment.php(52): view()
 5 SYSTEMPATH\CodeIgniter.php(933): App\Controllers\Appointment->index()
 6 SYSTEMPATH\CodeIgniter.php(509): CodeIgniter\CodeIgniter->runController()
 7 SYSTEMPATH\CodeIgniter.php(355): CodeIgniter\CodeIgniter->handleRequest()
 8 SYSTEMPATH\Boot.php(312): CodeIgniter\CodeIgniter->run()
 9 SYSTEMPATH\Boot.php(67): CodeIgniter\Boot::runCodeIgniter()
10 FCPATH\index.php(57): CodeIgniter\Boot::bootWeb()
CRITICAL - 2024-07-06 16:23:07 --> Error: Call to undefined function get()
[Method: GET, Route: book]
in APPPATH\Config\Routes.php on line 17.
 1 SYSTEMPATH\Router\RouteCollection.php(340): require()
 2 SYSTEMPATH\CodeIgniter.php(823): CodeIgniter\Router\RouteCollection->loadRoutes()
 3 SYSTEMPATH\CodeIgniter.php(457): CodeIgniter\CodeIgniter->tryToRouteIt()
 4 SYSTEMPATH\CodeIgniter.php(355): CodeIgniter\CodeIgniter->handleRequest()
 5 SYSTEMPATH\Boot.php(312): CodeIgniter\CodeIgniter->run()
 6 SYSTEMPATH\Boot.php(67): CodeIgniter\Boot::runCodeIgniter()
 7 FCPATH\index.php(57): CodeIgniter\Boot::bootWeb()
CRITICAL - 2024-07-06 16:40:00 --> TypeError: view(): Argument #3 ($options) must be of type array, string given, called in C:\Program Files\Ampps\www\szepiteszet\app\Controllers\Appointment.php on line 71
[Method: GET, Route: appointment]
in SYSTEMPATH\Common.php on line 1159.
 1 APPPATH\Controllers\Appointment.php(71): view()
 2 SYSTEMPATH\CodeIgniter.php(933): App\Controllers\Appointment->index()
 3 SYSTEMPATH\CodeIgniter.php(509): CodeIgniter\CodeIgniter->runController()
 4 SYSTEMPATH\CodeIgniter.php(355): CodeIgniter\CodeIgniter->handleRequest()
 5 SYSTEMPATH\Boot.php(312): CodeIgniter\CodeIgniter->run()
 6 SYSTEMPATH\Boot.php(67): CodeIgniter\Boot::runCodeIgniter()
 7 FCPATH\index.php(57): CodeIgniter\Boot::bootWeb()
