CRITICAL - 2024-07-03 13:43:04 --> CodeIgniter\HTTP\Exceptions\BadRequestException: The URI you submitted has disallowed characters: "<"
[Method: POST, Route: %3C]
in SYSTEMPATH\Router\Router.php on line 736.
 1 SYSTEMPATH\Router\Router.php(203): CodeIgniter\Router\Router->checkDisallowedChars()
 2 SYSTEMPATH\CodeIgniter.php(834): CodeIgniter\Router\Router->handle()
 3 SYSTEMPATH\CodeIgniter.php(457): CodeIgniter\CodeIgniter->tryToRouteIt()
 4 SYSTEMPATH\CodeIgniter.php(355): CodeIgniter\CodeIgniter->handleRequest()
 5 SYSTEMPATH\Boot.php(312): CodeIgniter\CodeIgniter->run()
 6 SYSTEMPATH\Boot.php(67): CodeIgniter\Boot::runCodeIgniter()
 7 FCPATH\index.php(57): CodeIgniter\Boot::bootWeb()
CRITICAL - 2024-07-03 13:44:21 --> CodeIgniter\HTTP\Exceptions\BadRequestException: The URI you submitted has disallowed characters: "<"
[Method: GET, Route: %3C]
in SYSTEMPATH\Router\Router.php on line 736.
 1 SYSTEMPATH\Router\Router.php(203): CodeIgniter\Router\Router->checkDisallowedChars()
 2 SYSTEMPATH\CodeIgniter.php(834): CodeIgniter\Router\Router->handle()
 3 SYSTEMPATH\CodeIgniter.php(457): CodeIgniter\CodeIgniter->tryToRouteIt()
 4 SYSTEMPATH\CodeIgniter.php(355): CodeIgniter\CodeIgniter->handleRequest()
 5 SYSTEMPATH\Boot.php(312): CodeIgniter\CodeIgniter->run()
 6 SYSTEMPATH\Boot.php(67): CodeIgniter\Boot::runCodeIgniter()
 7 FCPATH\index.php(57): CodeIgniter\Boot::bootWeb()
CRITICAL - 2024-07-03 13:50:40 --> CodeIgniter\HTTP\Exceptions\BadRequestException: The URI you submitted has disallowed characters: "<"
[Method: GET, Route: %3C]
in SYSTEMPATH\Router\Router.php on line 736.
 1 SYSTEMPATH\Router\Router.php(203): CodeIgniter\Router\Router->checkDisallowedChars()
 2 SYSTEMPATH\CodeIgniter.php(834): CodeIgniter\Router\Router->handle()
 3 SYSTEMPATH\CodeIgniter.php(457): CodeIgniter\CodeIgniter->tryToRouteIt()
 4 SYSTEMPATH\CodeIgniter.php(355): CodeIgniter\CodeIgniter->handleRequest()
 5 SYSTEMPATH\Boot.php(312): CodeIgniter\CodeIgniter->run()
 6 SYSTEMPATH\Boot.php(67): CodeIgniter\Boot::runCodeIgniter()
 7 FCPATH\index.php(57): CodeIgniter\Boot::bootWeb()
CRITICAL - 2024-07-03 13:50:45 --> CodeIgniter\HTTP\Exceptions\BadRequestException: The URI you submitted has disallowed characters: "<"
[Method: GET, Route: %3C]
in SYSTEMPATH\Router\Router.php on line 736.
 1 SYSTEMPATH\Router\Router.php(203): CodeIgniter\Router\Router->checkDisallowedChars()
 2 SYSTEMPATH\CodeIgniter.php(834): CodeIgniter\Router\Router->handle()
 3 SYSTEMPATH\CodeIgniter.php(457): CodeIgniter\CodeIgniter->tryToRouteIt()
 4 SYSTEMPATH\CodeIgniter.php(355): CodeIgniter\CodeIgniter->handleRequest()
 5 SYSTEMPATH\Boot.php(312): CodeIgniter\CodeIgniter->run()
 6 SYSTEMPATH\Boot.php(67): CodeIgniter\Boot::runCodeIgniter()
 7 FCPATH\index.php(57): CodeIgniter\Boot::bootWeb()
CRITICAL - 2024-07-03 13:50:46 --> CodeIgniter\HTTP\Exceptions\BadRequestException: The URI you submitted has disallowed characters: "<"
[Method: GET, Route: %3C]
in SYSTEMPATH\Router\Router.php on line 736.
 1 SYSTEMPATH\Router\Router.php(203): CodeIgniter\Router\Router->checkDisallowedChars()
 2 SYSTEMPATH\CodeIgniter.php(834): CodeIgniter\Router\Router->handle()
 3 SYSTEMPATH\CodeIgniter.php(457): CodeIgniter\CodeIgniter->tryToRouteIt()
 4 SYSTEMPATH\CodeIgniter.php(355): CodeIgniter\CodeIgniter->handleRequest()
 5 SYSTEMPATH\Boot.php(312): CodeIgniter\CodeIgniter->run()
 6 SYSTEMPATH\Boot.php(67): CodeIgniter\Boot::runCodeIgniter()
 7 FCPATH\index.php(57): CodeIgniter\Boot::bootWeb()
CRITICAL - 2024-07-03 14:29:33 --> CodeIgniter\HTTP\Exceptions\HTTPException: Failed to parse JSON string. Error: Syntax error
[Method: POST, Route: appointment/save]
in SYSTEMPATH\HTTP\IncomingRequest.php on line 537.
 1 SYSTEMPATH\HTTP\IncomingRequest.php(537): CodeIgniter\HTTP\Exceptions\HTTPException::forInvalidJSON()
 2 APPPATH\Controllers\Appointment.php(179): CodeIgniter\HTTP\IncomingRequest->getJSON()
 3 SYSTEMPATH\CodeIgniter.php(933): App\Controllers\Appointment->save()
 4 SYSTEMPATH\CodeIgniter.php(509): CodeIgniter\CodeIgniter->runController()
 5 SYSTEMPATH\CodeIgniter.php(355): CodeIgniter\CodeIgniter->handleRequest()
 6 SYSTEMPATH\Boot.php(312): CodeIgniter\CodeIgniter->run()
 7 SYSTEMPATH\Boot.php(67): CodeIgniter\Boot::runCodeIgniter()
 8 FCPATH\index.php(57): CodeIgniter\Boot::bootWeb()
INFO - 2024-07-03 14:32:27 --> Beérkező JSON adatok: {"date":"2024-08-05","name":"Kiss Gizi","email":"gizi@gmail.com","service-type":"egy\u00e9b","service-name":"smink"}
INFO - 2024-07-03 14:32:27 --> Mentésre kerülő dátum: 2024-08-05
CRITICAL - 2024-07-03 14:32:27 --> Error: Class "App\Controllers\Appointmentmodel" not found
[Method: POST, Route: appointment/save]
in APPPATH\Controllers\Appointment.php on line 186.
 1 SYSTEMPATH\CodeIgniter.php(933): App\Controllers\Appointment->save()
 2 SYSTEMPATH\CodeIgniter.php(509): CodeIgniter\CodeIgniter->runController()
 3 SYSTEMPATH\CodeIgniter.php(355): CodeIgniter\CodeIgniter->handleRequest()
 4 SYSTEMPATH\Boot.php(312): CodeIgniter\CodeIgniter->run()
 5 SYSTEMPATH\Boot.php(67): CodeIgniter\Boot::runCodeIgniter()
 6 FCPATH\index.php(57): CodeIgniter\Boot::bootWeb()
INFO - 2024-07-03 14:33:06 --> Beérkező JSON adatok: {"date":"2024-08-05","name":"Kiss Gizi","email":"gizi@gmail.com","service-type":"egy\u00e9b","service-name":"smink"}
INFO - 2024-07-03 14:33:06 --> Mentésre kerülő dátum: 2024-08-05
CRITICAL - 2024-07-03 14:33:06 --> Error: Class "App\Controllers\AppointmentModel" not found
[Method: POST, Route: appointment/save]
in APPPATH\Controllers\Appointment.php on line 186.
 1 SYSTEMPATH\CodeIgniter.php(933): App\Controllers\Appointment->save()
 2 SYSTEMPATH\CodeIgniter.php(509): CodeIgniter\CodeIgniter->runController()
 3 SYSTEMPATH\CodeIgniter.php(355): CodeIgniter\CodeIgniter->handleRequest()
 4 SYSTEMPATH\Boot.php(312): CodeIgniter\CodeIgniter->run()
 5 SYSTEMPATH\Boot.php(67): CodeIgniter\Boot::runCodeIgniter()
 6 FCPATH\index.php(57): CodeIgniter\Boot::bootWeb()
INFO - 2024-07-03 14:35:20 --> Beérkező JSON adatok: {"date":"2024-08-05","name":"Kiss Gizi","email":"gizi@gmail.com","service-type":"egy\u00e9b","service-name":"smink"}
INFO - 2024-07-03 14:35:20 --> Mentésre kerülő dátum: 2024-08-05
CRITICAL - 2024-07-03 14:35:20 --> Error: Class "App\Controllers\AppointmentModel" not found
[Method: POST, Route: appointment/save]
in APPPATH\Controllers\Appointment.php on line 186.
 1 SYSTEMPATH\CodeIgniter.php(933): App\Controllers\Appointment->save()
 2 SYSTEMPATH\CodeIgniter.php(509): CodeIgniter\CodeIgniter->runController()
 3 SYSTEMPATH\CodeIgniter.php(355): CodeIgniter\CodeIgniter->handleRequest()
 4 SYSTEMPATH\Boot.php(312): CodeIgniter\CodeIgniter->run()
 5 SYSTEMPATH\Boot.php(67): CodeIgniter\Boot::runCodeIgniter()
 6 FCPATH\index.php(57): CodeIgniter\Boot::bootWeb()
INFO - 2024-07-03 14:39:03 --> Beérkező JSON adatok: {"date":"2024-08-05","name":"Kiss Gizi","email":"gizi@gmail.com","service-type":"egy\u00e9b","service-name":"smink"}
INFO - 2024-07-03 14:39:03 --> Mentésre kerülő dátum: 2024-08-05
INFO - 2024-07-03 14:39:03 --> Mentés sikeres
INFO - 2024-07-03 15:10:14 --> Beérkező JSON adatok: {"date":"2024-07-27"}
INFO - 2024-07-03 15:10:14 --> Mentésre kerülő dátum: 2024-07-27
INFO - 2024-07-03 15:10:14 --> Mentés sikeres
INFO - 2024-07-03 15:10:18 --> Beérkező JSON adatok: {"date":"2024-07-27"}
INFO - 2024-07-03 15:10:18 --> Mentésre kerülő dátum: 2024-07-27
INFO - 2024-07-03 15:10:18 --> Mentés sikeres
INFO - 2024-07-03 15:15:51 --> Beérkező JSON adatok: {"date":"2024-07-04"}
INFO - 2024-07-03 15:15:51 --> Mentésre kerülő dátum: 2024-07-04
CRITICAL - 2024-07-03 15:15:51 --> ErrorException: Undefined variable $name
[Method: POST, Route: appointment/save]
in APPPATH\Controllers\Appointment.php on line 185.
 1 APPPATH\Controllers\Appointment.php(185): CodeIgniter\Debug\Exceptions->errorHandler()
 2 SYSTEMPATH\CodeIgniter.php(933): App\Controllers\Appointment->save()
 3 SYSTEMPATH\CodeIgniter.php(509): CodeIgniter\CodeIgniter->runController()
 4 SYSTEMPATH\CodeIgniter.php(355): CodeIgniter\CodeIgniter->handleRequest()
 5 SYSTEMPATH\Boot.php(312): CodeIgniter\CodeIgniter->run()
 6 SYSTEMPATH\Boot.php(67): CodeIgniter\Boot::runCodeIgniter()
 7 FCPATH\index.php(57): CodeIgniter\Boot::bootWeb()
INFO - 2024-07-03 15:17:53 --> Beérkező JSON adatok: {"date":"2024-07-05"}
INFO - 2024-07-03 15:17:53 --> Mentésre kerülő dátum: 2024-07-05
CRITICAL - 2024-07-03 15:17:53 --> ErrorException: Undefined variable $name
[Method: POST, Route: appointment/save]
in APPPATH\Controllers\Appointment.php on line 185.
 1 APPPATH\Controllers\Appointment.php(185): CodeIgniter\Debug\Exceptions->errorHandler()
 2 SYSTEMPATH\CodeIgniter.php(933): App\Controllers\Appointment->save()
 3 SYSTEMPATH\CodeIgniter.php(509): CodeIgniter\CodeIgniter->runController()
 4 SYSTEMPATH\CodeIgniter.php(355): CodeIgniter\CodeIgniter->handleRequest()
 5 SYSTEMPATH\Boot.php(312): CodeIgniter\CodeIgniter->run()
 6 SYSTEMPATH\Boot.php(67): CodeIgniter\Boot::runCodeIgniter()
 7 FCPATH\index.php(57): CodeIgniter\Boot::bootWeb()
INFO - 2024-07-03 15:19:55 --> Beérkező JSON adatok: {"date":"2024-08-05"}
INFO - 2024-07-03 15:19:55 --> Mentésre kerülő dátum: 2024-08-05
CRITICAL - 2024-07-03 15:19:55 --> ErrorException: Undefined variable $name
[Method: POST, Route: appointment/save]
in APPPATH\Controllers\Appointment.php on line 185.
 1 APPPATH\Controllers\Appointment.php(185): CodeIgniter\Debug\Exceptions->errorHandler()
 2 SYSTEMPATH\CodeIgniter.php(933): App\Controllers\Appointment->save()
 3 SYSTEMPATH\CodeIgniter.php(509): CodeIgniter\CodeIgniter->runController()
 4 SYSTEMPATH\CodeIgniter.php(355): CodeIgniter\CodeIgniter->handleRequest()
 5 SYSTEMPATH\Boot.php(312): CodeIgniter\CodeIgniter->run()
 6 SYSTEMPATH\Boot.php(67): CodeIgniter\Boot::runCodeIgniter()
 7 FCPATH\index.php(57): CodeIgniter\Boot::bootWeb()
INFO - 2024-07-03 15:23:28 --> Beérkező JSON adatok: {"date":"2024-07-21"}
INFO - 2024-07-03 15:23:28 --> Mentésre kerülő dátum: 2024-07-21
INFO - 2024-07-03 15:23:28 --> Mentés sikeres
INFO - 2024-07-03 15:23:31 --> Beérkező JSON adatok: {"date":"2024-07-07"}
INFO - 2024-07-03 15:23:31 --> Mentésre kerülő dátum: 2024-07-07
INFO - 2024-07-03 15:23:32 --> Mentés sikeres
INFO - 2024-07-03 15:23:36 --> Beérkező JSON adatok: {"date":"2024-07-20"}
INFO - 2024-07-03 15:23:36 --> Mentésre kerülő dátum: 2024-07-20
INFO - 2024-07-03 15:23:36 --> Mentés sikeres
INFO - 2024-07-03 15:24:23 --> Beérkező JSON adatok: {"date":"2024-07-07"}
INFO - 2024-07-03 15:24:23 --> Mentésre kerülő dátum: 2024-07-07
INFO - 2024-07-03 15:24:23 --> Mentés sikeres
INFO - 2024-07-03 15:32:55 --> Beérkező JSON adatok: {"date":"2024-07-28"}
INFO - 2024-07-03 15:32:55 --> Mentésre kerülő dátum: 2024-07-28
INFO - 2024-07-03 15:32:55 --> Mentés sikeres
INFO - 2024-07-03 15:32:56 --> Beérkező JSON adatok: {"date":"2024-07-21"}
INFO - 2024-07-03 15:32:56 --> Mentésre kerülő dátum: 2024-07-21
INFO - 2024-07-03 15:32:56 --> Mentés sikeres
INFO - 2024-07-03 15:32:58 --> Beérkező JSON adatok: {"date":"2024-07-27"}
INFO - 2024-07-03 15:32:58 --> Mentésre kerülő dátum: 2024-07-27
INFO - 2024-07-03 15:32:58 --> Mentés sikeres
INFO - 2024-07-03 15:33:32 --> Beérkező JSON adatok: {"date":"2024-07-28"}
INFO - 2024-07-03 15:33:32 --> Mentésre kerülő dátum: 2024-07-28
INFO - 2024-07-03 15:33:32 --> Mentés sikeres
INFO - 2024-07-03 15:33:34 --> Beérkező JSON adatok: {"date":"2024-07-27"}
INFO - 2024-07-03 15:33:34 --> Mentésre kerülő dátum: 2024-07-27
INFO - 2024-07-03 15:33:34 --> Mentés sikeres
INFO - 2024-07-03 15:33:35 --> Beérkező JSON adatok: {"date":"2024-07-26"}
INFO - 2024-07-03 15:33:35 --> Mentésre kerülő dátum: 2024-07-26
INFO - 2024-07-03 15:33:35 --> Mentés sikeres
INFO - 2024-07-03 15:33:37 --> Beérkező JSON adatok: {"date":"2024-07-26"}
INFO - 2024-07-03 15:33:37 --> Mentésre kerülő dátum: 2024-07-26
INFO - 2024-07-03 15:33:37 --> Mentés sikeres
INFO - 2024-07-03 15:33:38 --> Beérkező JSON adatok: {"date":"2024-07-26"}
INFO - 2024-07-03 15:33:38 --> Mentésre kerülő dátum: 2024-07-26
INFO - 2024-07-03 15:33:38 --> Mentés sikeres
INFO - 2024-07-03 15:33:38 --> Beérkező JSON adatok: {"date":"2024-07-26"}
INFO - 2024-07-03 15:33:38 --> Mentésre kerülő dátum: 2024-07-26
INFO - 2024-07-03 15:33:38 --> Mentés sikeres
INFO - 2024-07-03 15:33:39 --> Beérkező JSON adatok: {"date":"2024-07-26"}
INFO - 2024-07-03 15:33:39 --> Mentésre kerülő dátum: 2024-07-26
INFO - 2024-07-03 15:33:39 --> Mentés sikeres
INFO - 2024-07-03 15:33:39 --> Beérkező JSON adatok: {"date":"2024-07-26"}
INFO - 2024-07-03 15:33:39 --> Mentésre kerülő dátum: 2024-07-26
INFO - 2024-07-03 15:33:39 --> Mentés sikeres
INFO - 2024-07-03 15:33:40 --> Beérkező JSON adatok: {"date":"2024-07-26"}
INFO - 2024-07-03 15:33:40 --> Mentésre kerülő dátum: 2024-07-26
INFO - 2024-07-03 15:33:40 --> Mentés sikeres
INFO - 2024-07-03 15:33:40 --> Beérkező JSON adatok: {"date":"2024-07-26"}
INFO - 2024-07-03 15:33:40 --> Mentésre kerülő dátum: 2024-07-26
INFO - 2024-07-03 15:33:40 --> Mentés sikeres
INFO - 2024-07-03 16:40:02 --> Beérkező JSON adatok: {"date":"2024-07-07"}
INFO - 2024-07-03 16:40:02 --> Mentésre kerülő dátum: 2024-07-07
INFO - 2024-07-03 16:40:02 --> Mentés sikeres
CRITICAL - 2024-07-03 16:41:48 --> CodeIgniter\HTTP\Exceptions\HTTPException: Failed to parse JSON string. Error: Syntax error
[Method: POST, Route: appointment/save]
in SYSTEMPATH\HTTP\IncomingRequest.php on line 537.
 1 SYSTEMPATH\HTTP\IncomingRequest.php(537): CodeIgniter\HTTP\Exceptions\HTTPException::forInvalidJSON()
 2 APPPATH\Controllers\Appointment.php(175): CodeIgniter\HTTP\IncomingRequest->getJSON()
 3 SYSTEMPATH\CodeIgniter.php(933): App\Controllers\Appointment->save()
 4 SYSTEMPATH\CodeIgniter.php(509): CodeIgniter\CodeIgniter->runController()
 5 SYSTEMPATH\CodeIgniter.php(355): CodeIgniter\CodeIgniter->handleRequest()
 6 SYSTEMPATH\Boot.php(312): CodeIgniter\CodeIgniter->run()
 7 SYSTEMPATH\Boot.php(67): CodeIgniter\Boot::runCodeIgniter()
 8 FCPATH\index.php(57): CodeIgniter\Boot::bootWeb()
INFO - 2024-07-03 16:42:00 --> Beérkező JSON adatok: {"name":"John Doe","email":"john.doe@example.com","phone":"+36203456789","service_type":"Service A","service_name":"Service A1","date":"2024-08-07","time":"10:00 AM","accept":true}
INFO - 2024-07-03 16:42:00 --> Mentésre kerülő dátum: 2024-08-07
INFO - 2024-07-03 16:42:00 --> Mentés sikeres
INFO - 2024-07-03 16:44:37 --> Beérkező JSON adatok: {"date":"2024-07-14"}
INFO - 2024-07-03 16:44:37 --> Mentésre kerülő dátum: 2024-07-14
INFO - 2024-07-03 16:44:37 --> Mentés sikeres
INFO - 2024-07-03 16:44:41 --> Beérkező JSON adatok: {"date":"2024-07-07"}
INFO - 2024-07-03 16:44:41 --> Mentésre kerülő dátum: 2024-07-07
INFO - 2024-07-03 16:44:41 --> Mentés sikeres
INFO - 2024-07-03 16:44:43 --> Beérkező JSON adatok: {"date":"2024-07-21"}
INFO - 2024-07-03 16:44:43 --> Mentésre kerülő dátum: 2024-07-21
INFO - 2024-07-03 16:44:43 --> Mentés sikeres
INFO - 2024-07-03 16:53:57 --> Beérkező JSON adatok: {"date":"2024-07-14"}
INFO - 2024-07-03 16:53:57 --> Mentésre kerülő dátum: 2024-07-14
INFO - 2024-07-03 16:53:57 --> Mentés sikeres
INFO - 2024-07-03 16:58:25 --> Beérkező JSON adatok: {"date":"2024-07-31"}
INFO - 2024-07-03 16:58:25 --> Mentésre kerülő dátum: 2024-07-31
INFO - 2024-07-03 16:58:25 --> Mentés sikeres
INFO - 2024-07-03 17:01:55 --> Beérkező JSON adatok: {"date":"2024-07-04"}
INFO - 2024-07-03 17:01:55 --> Mentésre kerülő dátum: 2024-07-04
INFO - 2024-07-03 17:01:55 --> Mentés sikeres
INFO - 2024-07-03 17:32:36 --> Beérkező JSON adatok: {"name":"John Doe","email":"john.doe@example.com","phone":"+36203456789","service_type":"Service A","service_name":"Service A1","date":"2024-08-07","time":"10:00 AM","accept":true}
INFO - 2024-07-03 17:32:36 --> Mentésre kerülő dátum: 2024-08-07
INFO - 2024-07-03 17:32:37 --> Mentés sikeres
INFO - 2024-07-03 17:37:30 --> Beérkező JSON adatok: {"name":"John Doe","email":"john.doe@example.com","phone":"+36203456789","service_type":"Gyant\u00e1z\u00e1s","service_name":"Bajusz","date":"2024-08-08","time":"10:00","accept":true}
INFO - 2024-07-03 17:37:30 --> Mentésre kerülő dátum: 2024-08-08
INFO - 2024-07-03 17:37:30 --> Mentés sikeres
INFO - 2024-07-03 18:24:30 --> Beérkező JSON adatok: {"name":"John Doe","email":"john.doe@example.com","phone":"+36203456789","service_type":"Gyant\u00e1z\u00e1s","service_name":"Bajusz","date":"2024-08-09","time":"10:00","accept":true}
INFO - 2024-07-03 18:24:30 --> Mentésre kerülő dátum: 2024-08-09
INFO - 2024-07-03 18:24:30 --> Mentés sikeres
INFO - 2024-07-03 18:30:22 --> Beérkező JSON adatok: {"name":"John Doe","email":"john.doe@example.com","phone":"+36203456789","service_type":"Gyant\u00e1z\u00e1s","service_name":"Bajusz","date":"2024-08-09","time":"10:00","accept":true}
INFO - 2024-07-03 18:30:22 --> Mentésre kerülő dátum: 2024-08-09
INFO - 2024-07-03 18:30:22 --> Mentés sikeres
INFO - 2024-07-03 18:43:24 --> Beérkező JSON adatok: {"name":"John Doe","email":"john.doe@example.com","phone":"+36203456789","service_type":"Gyant\u00e1z\u00e1s","service_name":"Bajusz","date":"2024-08-10","time":"10:00","accept":true}
INFO - 2024-07-03 18:43:24 --> Mentésre kerülő dátum: 2024-08-10
INFO - 2024-07-03 18:43:24 --> Mentés sikeres
INFO - 2024-07-03 18:58:21 --> Beérkező JSON adatok: {"name":"John Doe","email":"john.doe@example.com","phone":"+36203456789","service_type":"Gyant\u00e1z\u00e1s","service_name":"Bajusz","date":"2024-08-10","time":"10:00","accept":true}
INFO - 2024-07-03 18:58:21 --> Mentésre kerülő dátum: 2024-08-10
INFO - 2024-07-03 18:58:22 --> Mentés sikeres
CRITICAL - 2024-07-03 18:58:49 --> Error: Undefined constant "appointment"
[Method: GET, Route: appointment]
in APPPATH\Views\book.php on line 17.
 1 SYSTEMPATH\View\View.php(234): include()
 2 SYSTEMPATH\View\View.php(237): CodeIgniter\View\View->CodeIgniter\View\{closure}()
 3 SYSTEMPATH\Common.php(1171): CodeIgniter\View\View->render()
 4 APPPATH\Controllers\Appointment.php(56): view()
 5 SYSTEMPATH\CodeIgniter.php(933): App\Controllers\Appointment->index()
 6 SYSTEMPATH\CodeIgniter.php(509): CodeIgniter\CodeIgniter->runController()
 7 SYSTEMPATH\CodeIgniter.php(355): CodeIgniter\CodeIgniter->handleRequest()
 8 SYSTEMPATH\Boot.php(312): CodeIgniter\CodeIgniter->run()
 9 SYSTEMPATH\Boot.php(67): CodeIgniter\Boot::runCodeIgniter()
10 FCPATH\index.php(57): CodeIgniter\Boot::bootWeb()
INFO - 2024-07-03 19:11:42 --> Beérkező JSON adatok: {"name":"John Doe","email":"john.doe@example.com","phone":"+36203456789","service_type":"Gyant\u00e1z\u00e1s","service_name":"Bajusz","date":"2024-08-10","time":"10:00","accept":true}
INFO - 2024-07-03 19:11:42 --> Mentésre kerülő dátum: 2024-08-10
INFO - 2024-07-03 19:11:42 --> Mentés sikeres
INFO - 2024-07-03 19:19:38 --> Beérkező JSON adatok: {"name":"John Doe","email":"john.doe@example.com","phone":"+36203456789","service_type":"Gyant\u00e1z\u00e1s","service_name":"Bajusz","date":"2024-08-10","time":"10:00","accept":true}
INFO - 2024-07-03 19:19:38 --> Mentésre kerülő dátum: 2024-08-10
INFO - 2024-07-03 19:19:38 --> Mentés sikeres
INFO - 2024-07-03 19:29:17 --> Beérkező JSON adatok: {"name":"John Doe","email":"john.doe@example.com","phone":"+36203456789","service_type":"Gyant\u00e1z\u00e1s","service_name":"Bajusz","date":"2024-08-10","time":"10:00"}
INFO - 2024-07-03 19:29:17 --> Mentésre kerülő dátum: 2024-08-10
CRITICAL - 2024-07-03 19:29:17 --> ErrorException: Undefined array key "accept"
[Method: POST, Route: appointment/save]
in APPPATH\Controllers\Appointment.php on line 193.
 1 APPPATH\Controllers\Appointment.php(193): CodeIgniter\Debug\Exceptions->errorHandler()
 2 SYSTEMPATH\CodeIgniter.php(933): App\Controllers\Appointment->save()
 3 SYSTEMPATH\CodeIgniter.php(509): CodeIgniter\CodeIgniter->runController()
 4 SYSTEMPATH\CodeIgniter.php(355): CodeIgniter\CodeIgniter->handleRequest()
 5 SYSTEMPATH\Boot.php(312): CodeIgniter\CodeIgniter->run()
 6 SYSTEMPATH\Boot.php(67): CodeIgniter\Boot::runCodeIgniter()
 7 FCPATH\index.php(57): CodeIgniter\Boot::bootWeb()
INFO - 2024-07-03 19:30:21 --> Beérkező JSON adatok: {"name":"John Doe","email":"john.doe@example.com","phone":"+36203456789","service_type":"Gyant\u00e1z\u00e1s","service_name":"Bajusz","date":"2024-08-10","time":"10:00","accept":"false"}
INFO - 2024-07-03 19:30:21 --> Mentésre kerülő dátum: 2024-08-10
INFO - 2024-07-03 19:30:21 --> Mentés sikeres
INFO - 2024-07-03 20:02:15 --> Beérkező JSON adatok: {"name":"John Doe","email":"john.doe@example.com","phone":"+36203456789","service_type":"Gyant\u00e1z\u00e1s","service_name":"Bajusz","date":"2024-08-11","time":"10:00","accept":"false"}
INFO - 2024-07-03 20:02:15 --> Mentésre kerülő dátum: 2024-08-11
INFO - 2024-07-03 20:02:15 --> Mentés sikeres
